"File: HT66FB550_MCU.c  Assembler  Version HGASM0202      Page 1


   1  0000              ; Generated by holtek-gcc v3.12, Sun May 03 23:02:13 2015
   2  0000              ; 
   3  0000              ; Configuration:
   4  0000              ;       without long instruction
   5  0000              ;       Single ROM, Multi-RAM
   6  0000              ;       bits_per_rom_unit:16
   7  0000              ;       with mp1
   8  0000              ;       with tbhp, address(0x9)
   9  0000              ;          Use tabrd-const
  10  0000              ;       
  11  0000              ;       
  12  0000              ; use 'tabrdc' instead of 'tabrd'
  13  0000              ;       
  14  0000              
  15  0000              #pragma translator "holtek-gcc 4.6.4" "3.12" "build 20130711"
  16  0000              ; Rebuild 113
  17  0000              
  18  0000              ir equ [2]
  19  0000              mp equ [3]
  20  0000              sbp equ [1]
  21  0000              acc equ [5]
  22  0000              bp equ [4]
  23  0000              tblp equ [7]
  24  0000              tbhp equ [9]
  25  0000              status equ [10]
  26  0000              c equ [10].0
  27  0000              ac equ [10].1
  28  0000              z equ [10].2
  29  0000              ov equ [10].3
  30  0000              intc equ [11]
  31  0000              
  32  0000              extern ra:byte
  33  0000              extern rb:byte
  34  0000              extern rc:byte
  35  0000              extern rd:byte
  36  0000              extern re:byte
  37  0000              extern rf:byte
  38  0000              extern rg:byte
  39  0000              extern rh:byte
  40  0000              extern _Crom2Prom:near
  41  0000              extern _Crom2PromNext:near
  42  0000              
  43  0000              RAMBANK 0 @HCCINIT, @HCCINIT0
  44  0000              @HCCINIT	.section 'data'
  45  0000              @HCCINIT0	.section 'data'
  46  0000              
  47  0000              #pragma debug scope 1 1
  48  0000              	extern __DELAY3:near
  49  0000              	extern __DELAYX3:near
  50  0000              	extern __DELAYX6:near
  51  0000              	extern __DELAYY5:near
  52  0000              	extern __DELAYY3:near
  53  0000              	extern _builtin_holtek_delay_2:byte
  54  0000              public _HT66FB550_MCU_Init
  55  0000              #pragma debug scope 2 1

  27  0000              #line 27 "C:\Users\james\Google 雲端硬碟\自製版子\holtek\GitHub\HT_USB_Project\HT66FB550_USB_Common\HT66FB550_MCU.c"
  27  0000              _HT66FB550_MCU_Init .section 'code'
  27  0000              _HT66FB550_MCU_Init proc
"File: HT66FB550_MCU.c  Assembler  Version HGASM0202      Page 2

  29  0000              #line 29 "C:\Users\james\Google 雲端硬碟\自製版子\holtek\GitHub\HT_USB_Project\HT66FB550_USB_Common\HT66FB550_MCU.c"
  29  0000  0F60        	mov a,96
  29  0001  00E8        	mov [104],a
  30  0002              #line 30 "C:\Users\james\Google 雲端硬碟\自製版子\holtek\GitHub\HT_USB_Project\HT66FB550_USB_Common\HT66FB550_MCU.c"
  30  0002  1F66        	clr [102]
  31  0003              #line 31 "C:\Users\james\Google 雲端硬碟\自製版子\holtek\GitHub\HT_USB_Project\HT66FB550_USB_Common\HT66FB550_MCU.c"
  31  0003  0FE1        	mov a,225
  31  0004  008B        	mov [11],a
  33  0005              #line 33 "C:\Users\james\Google 雲端硬碟\自製版子\holtek\GitHub\HT_USB_Project\HT66FB550_USB_Common\HT66FB550_MCU.c"
  33  0005  0FAC        	mov a,172
  33  0006  008E        	mov [14],a
  33  0007  0003        	ret
  33  0008              _HT66FB550_MCU_Init endp
  33  0008              #line 33 "C:\Users\james\Google 雲端硬碟\自製版子\holtek\GitHub\HT_USB_Project\HT66FB550_USB_Common\HT66FB550_MCU.c"
  33  0008              #pragma debug scope 1 1
  33  0008              ___smod equ [00bh]
  33  0008              #pragma debug struct_end
  33  0008              #pragma debug struct_end
  33  0008              #pragma debug union_end
  33  0008              #pragma debug union_end
  33  0008              #pragma debug variable 43 1 [00bh] "__smod" 1
  33  0008              ___wdtc equ [00eh]
  33  0008              #pragma debug struct_end
  33  0008              #pragma debug struct_end
  33  0008              #pragma debug union_end
  33  0008              #pragma debug union_end
  33  0008              #pragma debug variable 45 1 [00eh] "__wdtc" 1
  33  0008              ___usc equ [066h]
  33  0008              #pragma debug struct_end
  33  0008              #pragma debug struct_end
  33  0008              #pragma debug union_end
  33  0008              #pragma debug union_end
  33  0008              #pragma debug variable 47 1 [066h] "__usc" 1
  33  0008              ___ucc equ [068h]
  33  0008              #pragma debug struct_end
  33  0008              #pragma debug struct_end
  33  0008              #pragma debug union_end
  33  0008              #pragma debug union_end
  33  0008              #pragma debug variable 49 1 [068h] "__ucc" 1
  33  0008              IFDEF ISR_SYSTEM_STACK_BEFORE_2014_12_23
  33  0008              ELSE
  33  0008              ENDIF
  33  0008              
  33  0008              ; 
  33  0008              ; Generated by holtek-gcc v3.12, Sun May 03 23:02:13 2015
  33  0008              ; Rebuild 113
  33  0008              ; end of file


        0 Errors, 0