"File: HT66FB550_UART.c  Assembler  Version HGASM0202      Page 1


   1  0000              ; Generated by holtek-gcc v3.12, Mon May 04 20:44:35 2015
   2  0000              ; 
   3  0000              ; Configuration:
   4  0000              ;       without long instruction
   5  0000              ;       Single ROM, Multi-RAM
   6  0000              ;       bits_per_rom_unit:16
   7  0000              ;       with mp1
   8  0000              ;       with tbhp, address(0x9)
   9  0000              ;          Use tabrd-const
  10  0000              ;       
  11  0000              ;       
  12  0000              ; use 'tabrdc' instead of 'tabrd'
  13  0000              ;       
  14  0000              
  15  0000              #pragma translator "holtek-gcc 4.6.4" "3.12" "build 20130711"
  16  0000              ; Rebuild 113
  17  0000              
  18  0000              ir equ [2]
  19  0000              mp equ [3]
  20  0000              sbp equ [1]
  21  0000              acc equ [5]
  22  0000              bp equ [4]
  23  0000              tblp equ [7]
  24  0000              tbhp equ [9]
  25  0000              status equ [10]
  26  0000              c equ [10].0
  27  0000              ac equ [10].1
  28  0000              z equ [10].2
  29  0000              ov equ [10].3
  30  0000              intc equ [11]
  31  0000              
  32  0000              extern ra:byte
  33  0000              extern rb:byte
  34  0000              extern rc:byte
  35  0000              extern rd:byte
  36  0000              extern re:byte
  37  0000              extern rf:byte
  38  0000              extern rg:byte
  39  0000              extern rh:byte
  40  0000              extern _Crom2Prom:near
  41  0000              extern _Crom2PromNext:near
  42  0000              
  43  0000              RAMBANK 0 @HCCINIT, @HCCINIT0
  44  0000              @HCCINIT	.section 'data'
  45  0000              @HCCINIT0	.section 'data'
  46  0000              
  47  0000              #pragma debug scope 1 1
  48  0000              	extern __DELAY3:near
  49  0000              	extern __DELAYX3:near
  50  0000              	extern __DELAYX6:near
  51  0000              	extern __DELAYY5:near
  52  0000              	extern __DELAYY3:near
  53  0000              	extern _builtin_holtek_delay_2:byte
  54  0000              public _UART_ISR
  55  0000              #pragma debug scope 2 1

  29  0000              #line 29 "C:\Users\james\Google 雲端硬碟\自製版子\holtek\GitHub\HT_USB_Project\HT66FB550_USB_Common\HT66FB550_UART.c"
  29  0000              _UART_ISR .section 'code'
  29  0000              _UART_ISR proc
"File: HT66FB550_UART.c  Assembler  Version HGASM0202      Page 2

  30  0000              #line 30 "C:\Users\james\Google 雲端硬碟\自製版子\holtek\GitHub\HT_USB_Project\HT66FB550_USB_Common\HT66FB550_UART.c"
  30  0000  1922        	rra [34]
  30  0001  0E7F        	and a,07fh
  30  0002  0080     E  	mov ra,a
  30  0003  0F01        	mov a,1
  30  0004  0480     E  	xorm a,ra
  30  0005  0F01        	mov a,1
  30  0006  0680     E  	andm a,ra
  30  0007  0700     E  	mov a,ra
  30  0008  0380     E  	addm a,ra
  30  0009  0722        	mov a,[34]
  30  000A  0080     E  	mov rb,a
  30  000B  3400     E  	clr rb.1
  30  000C  0700     E  	mov a,rb
  30  000D  0500     E  	or a,ra
  30  000E  00A2        	mov [34],a
  30  000F  0003        	ret
  30  0010              _UART_ISR endp
  30  0010              #line 30 "C:\Users\james\Google 雲端硬碟\自製版子\holtek\GitHub\HT_USB_Project\HT66FB550_USB_Common\HT66FB550_UART.c"
  30  0010              #pragma debug scope 1 1
  30  0010              public _ISR_timer3
  30  0010              #pragma debug scope 3 1
  18  0010              #line 18 "C:\Users\james\Google 雲端硬碟\自製版子\holtek\GitHub\HT_USB_Project\HT66FB550_USB_Common\HT66FB550_UART.c"
  18  0000              @ISR_timer3_code .section at 36 'code'
  18  0000              IFDEF ISR_SYSTEM_STACK_BEFORE_2014_12_23
  18  0000              	mov _ISR_timer3fs[0],a
  18  0000              	mov a, bp
  18  0000              	mov _ISR_timer3fs[1],a
  18  0000              	jmp _ISR_timer3
  18  0000              @dummy36 proc
  18  0000              	call _ISR_timer3
  18  0000              @dummy36 endp
  18  0000              
  18  0000              _ISR_timer3 .section 'code'
  18  0000              _ISR_timer3 proc
  18  0000              public _ISR_timer3fs
  18  0000              local _ISR_timer3fs db 7 dup(?)
  18  0000              	mov a, status
  18  0000              	mov _ISR_timer3fs[2],a
  18  0000              	mov a,mp
  18  0000              	mov _ISR_timer3fs[3],a
  18  0000              	mov a,sbp
  18  0000              	mov _ISR_timer3fs[4],a
  18  0000              	mov a,tblp
  18  0000              	mov _ISR_timer3fs[5],a
  18  0000              	mov a,tbhp
  18  0000              	mov _ISR_timer3fs[6],a
  18  0000              ELSE
  18  0000  0080     E  	mov r1,a
  18  0001  0704        	mov a, bp
  18  0002  0080     E  	mov r2,a
  18  0003  2800     R  	jmp _ISR_timer3
  18  0004              @dummy36 endp
  18  0004              
  18  0000              _ISR_timer3 .section 'code'
  18  0000              _ISR_timer3 proc
  18  0000  070A        	mov a, status
  18  0001  0080     E  	mov r3,a
  18  0002  0703        	mov a,mp
  18  0003  0080     E  	mov r4,a
"File: HT66FB550_UART.c  Assembler  Version HGASM0202      Page 3

  18  0004  0701        	mov a,sbp
  18  0005  0080     E  	mov r5,a
  18  0006  0707        	mov a,tblp
  18  0007  0080     E  	mov r6,a
  18  0008  0709        	mov a,tbhp
  18  0009  0080     E  	mov r7,a
  18  000A              ENDIF
  19  000A              #line 19 "C:\Users\james\Google 雲端硬碟\自製版子\holtek\GitHub\HT_USB_Project\HT66FB550_USB_Common\HT66FB550_UART.c"
  19  000A  3B95        	snz [21].7
  19  000B  2800     R  	jmp _L2
  20  000C              #line 20 "C:\Users\james\Google 雲端硬碟\自製版子\holtek\GitHub\HT_USB_Project\HT66FB550_USB_Common\HT66FB550_UART.c"
  20  000C  3795        	clr [21].7
  21  000D              #line 21 "C:\Users\james\Google 雲端硬碟\自製版子\holtek\GitHub\HT_USB_Project\HT66FB550_USB_Common\HT66FB550_UART.c"
  21  000D  35DE        	clr [94].3
  22  000E              #line 22 "C:\Users\james\Google 雲端硬碟\自製版子\holtek\GitHub\HT_USB_Project\HT66FB550_USB_Common\HT66FB550_UART.c"
  22  000E  31DE        	set [94].3
  23  000F              #line 23 "C:\Users\james\Google 雲端硬碟\自製版子\holtek\GitHub\HT_USB_Project\HT66FB550_USB_Common\HT66FB550_UART.c"
  23  000F  2000     R  	call _UART_ISR
  23  0010              _L2:
  23  0010              IFDEF ISR_SYSTEM_STACK_BEFORE_2014_12_23
  23  0010              	mov a,_ISR_timer3fs[1]
  23  0010              	mov bp,a
  23  0010              	mov a,_ISR_timer3fs[2]
  23  0010              	mov status,a
  23  0010              	mov a,_ISR_timer3fs[3]
  23  0010              	mov mp,a
  23  0010              	mov a,_ISR_timer3fs[4]
  23  0010              	mov sbp,a
  23  0010              	mov a,_ISR_timer3fs[5]
  23  0010              	mov tblp,a
  23  0010              	mov a,_ISR_timer3fs[6]
  23  0010              	mov tbhp,a
  23  0010              	tabrdc acc
  23  0010              	mov a,_ISR_timer3fs[0]
  23  0010              ELSE
  23  0010  0700     E  	mov a,r2
  23  0011  0084        	mov bp,a
  23  0012  0700     E  	mov a,r3
  23  0013  008A        	mov status,a
  23  0014  0700     E  	mov a,r4
  23  0015  0083        	mov mp,a
  23  0016  0700     E  	mov a,r5
  23  0017  0081        	mov sbp,a
  23  0018  0700     E  	mov a,r6
  23  0019  0087        	mov tblp,a
  23  001A  0700     E  	mov a,r7
  23  001B  0089        	mov tbhp,a
  23  001C  1D05        	tabrdc acc
  23  001D  0700     E  	mov a,r1
  23  001E              ENDIF
  23  001E  0004        	reti
  23  001F              _ISR_timer3 endp
  23  001F              
  23  001F              #line 23 "C:\Users\james\Google 雲端硬碟\自製版子\holtek\GitHub\HT_USB_Project\HT66FB550_USB_Common\HT66FB550_UART.c"
  23  001F              #pragma debug scope 1 1
  23  001F              public _UART_Init
  23  001F              #pragma debug scope 4 1
  34  001F              #line 34 "C:\Users\james\Google 雲端硬碟\自製版子\holtek\GitHub\HT_USB_Project\HT66FB550_USB_Common\HT66FB550_UART.c"
  34  0000              _UART_Init .section 'code'
  34  0000              _UART_Init proc
"File: HT66FB550_UART.c  Assembler  Version HGASM0202      Page 4

  35  0000              #line 35 "C:\Users\james\Google 雲端硬碟\自製版子\holtek\GitHub\HT_USB_Project\HT66FB550_USB_Common\HT66FB550_UART.c"
  35  0000  0F10        	mov a,16
  35  0001  00DE        	mov [94],a
  36  0002              #line 36 "C:\Users\james\Google 雲端硬碟\自製版子\holtek\GitHub\HT_USB_Project\HT66FB550_USB_Common\HT66FB550_UART.c"
  36  0002  0FC0        	mov a,192
  36  0003  00DF        	mov [95],a
  37  0004              #line 37 "C:\Users\james\Google 雲端硬碟\自製版子\holtek\GitHub\HT_USB_Project\HT66FB550_USB_Common\HT66FB550_UART.c"
  37  0004  0F04        	mov a,4
  37  0005  00E2        	mov [98],a
  37  0006  0F02        	mov a,2
  37  0007  00E3        	mov [99],a
  37  0008  0003        	ret
  37  0009              _UART_Init endp
  37  0009              #line 37 "C:\Users\james\Google 雲端硬碟\自製版子\holtek\GitHub\HT_USB_Project\HT66FB550_USB_Common\HT66FB550_UART.c"
  37  0009              #pragma debug scope 1 1
  37  0009              public _UART_Start
  37  0009              #pragma debug scope 5 1
  41  0009              #line 41 "C:\Users\james\Google 雲端硬碟\自製版子\holtek\GitHub\HT_USB_Project\HT66FB550_USB_Common\HT66FB550_UART.c"
  41  0000              _UART_Start .section 'code'
  41  0000              _UART_Start proc
  42  0000              #line 42 "C:\Users\james\Google 雲端硬碟\自製版子\holtek\GitHub\HT_USB_Project\HT66FB550_USB_Common\HT66FB550_UART.c"
  42  0000  3092        	set [18].1
  43  0001              #line 43 "C:\Users\james\Google 雲端硬碟\自製版子\holtek\GitHub\HT_USB_Project\HT66FB550_USB_Common\HT66FB550_UART.c"
  43  0001  3195        	set [21].3
  44  0002              #line 44 "C:\Users\james\Google 雲端硬碟\自製版子\holtek\GitHub\HT_USB_Project\HT66FB550_USB_Common\HT66FB550_UART.c"
  44  0002  3010        	set [16].0
  45  0003              #line 45 "C:\Users\james\Google 雲端硬碟\自製版子\holtek\GitHub\HT_USB_Project\HT66FB550_USB_Common\HT66FB550_UART.c"
  45  0003  31DE        	set [94].3
  45  0004  0003        	ret
  45  0005              _UART_Start endp
  45  0005              #line 45 "C:\Users\james\Google 雲端硬碟\自製版子\holtek\GitHub\HT_USB_Project\HT66FB550_USB_Common\HT66FB550_UART.c"
  45  0005              #pragma debug scope 1 1
  45  0005              ___intc0 equ [010h]
  45  0005              #pragma debug struct_end
  45  0005              #pragma debug struct_end
  45  0005              #pragma debug union_end
  45  0005              #pragma debug union_end
  45  0005              #pragma debug variable 43 1 [010h] "__intc0" 1
  45  0005              ___intc2 equ [012h]
  45  0005              #pragma debug struct_end
  45  0005              #pragma debug struct_end
  45  0005              #pragma debug union_end
  45  0005              #pragma debug union_end
  45  0005              #pragma debug variable 45 1 [012h] "__intc2" 1
  45  0005              ___mfi1 equ [015h]
  45  0005              #pragma debug struct_end
  45  0005              #pragma debug struct_end
  45  0005              #pragma debug union_end
  45  0005              #pragma debug union_end
  45  0005              #pragma debug variable 47 1 [015h] "__mfi1" 1
  45  0005              ___pb equ [022h]
  45  0005              #pragma debug struct_end
  45  0005              #pragma debug struct_end
  45  0005              #pragma debug union_end
  45  0005              #pragma debug union_end
  45  0005              #pragma debug variable 49 1 [022h] "__pb" 1
  45  0005              ___tm3c0 equ [05eh]
  45  0005              #pragma debug struct_end
  45  0005              #pragma debug struct_end
  45  0005              #pragma debug union_end
"File: HT66FB550_UART.c  Assembler  Version HGASM0202      Page 5

  45  0005              #pragma debug union_end
  45  0005              #pragma debug variable 51 1 [05eh] "__tm3c0" 1
  45  0005              ___tm3c1 equ [05fh]
  45  0005              #pragma debug struct_end
  45  0005              #pragma debug struct_end
  45  0005              #pragma debug union_end
  45  0005              #pragma debug union_end
  45  0005              #pragma debug variable 53 1 [05fh] "__tm3c1" 1
  45  0005              ___tm3al equ [062h]
  45  0005              #pragma debug variable 8 1 [062h] "__tm3al" 1
  45  0005              ___tm3ah equ [063h]
  45  0005              #pragma debug variable 8 1 [063h] "__tm3ah" 1
  45  0005              IFDEF ISR_SYSTEM_STACK_BEFORE_2014_12_23
  45  0005              ELSE
  45  0005              extern r1:byte
  45  0005              extern r2:byte
  45  0005              extern r3:byte
  45  0005              extern r4:byte
  45  0005              extern r5:byte
  45  0005              extern r6:byte
  45  0005              extern r7:byte
  45  0005              ENDIF
  45  0005              
  45  0005              ; 
  45  0005              ; Generated by holtek-gcc v3.12, Mon May 04 20:44:35 2015
  45  0005              ; Rebuild 113
  45  0005              ; end of file


        0 Errors, 0