"File: main.c        Assembler  Version HGASM0202      Page 1


   1  0000              ; Generated by holtek-gcc v3.12, Tue May 05 22:38:31 2015
   2  0000              ; 
   3  0000              ; Configuration:
   4  0000              ;       without long instruction
   5  0000              ;       Single ROM, Multi-RAM
   6  0000              ;       bits_per_rom_unit:16
   7  0000              ;       with mp1
   8  0000              ;       with tbhp, address(0x9)
   9  0000              ;          Use tabrd-const
  10  0000              ;       
  11  0000              ;       
  12  0000              ; use 'tabrdc' instead of 'tabrd'
  13  0000              ;       
  14  0000              
  15  0000              #pragma translator "holtek-gcc 4.6.4" "3.12" "build 20130711"
  16  0000              ; Rebuild 113
  17  0000              
  18  0000              ir equ [2]
  19  0000              mp equ [3]
  20  0000              sbp equ [1]
  21  0000              acc equ [5]
  22  0000              bp equ [4]
  23  0000              tblp equ [7]
  24  0000              tbhp equ [9]
  25  0000              status equ [10]
  26  0000              c equ [10].0
  27  0000              ac equ [10].1
  28  0000              z equ [10].2
  29  0000              ov equ [10].3
  30  0000              intc equ [11]
  31  0000              
  32  0000              extern ra:byte
  33  0000              extern rb:byte
  34  0000              extern rc:byte
  35  0000              extern rd:byte
  36  0000              extern re:byte
  37  0000              extern rf:byte
  38  0000              extern rg:byte
  39  0000              extern rh:byte
  40  0000              extern _Crom2Prom:near
  41  0000              extern _Crom2PromNext:near
  42  0000              
  43  0000              RAMBANK 0 @HCCINIT, @HCCINIT0
  44  0000              @HCCINIT	.section 'data'
  45  0000              @HCCINIT0	.section 'data'
  46  0000              
  47  0000              #pragma debug scope 1 1
  48  0000              	extern __DELAY3:near
  49  0000              	extern __DELAYX3:near
  50  0000              	extern __DELAYX6:near
  51  0000              	extern __DELAYY5:near
  52  0000              	extern __DELAYY3:near
  53  0000              	extern _builtin_holtek_delay_2:byte
  54  0000              public _main
  55  0000              #pragma debug scope 2 1

   8  0000              #line 8 "C:\Users\james\Google 雲端硬碟\自製版子\holtek\GitHub\HT_USB_Project\HT66FB550_USB_C\main.c"
   8  0000              IFDEF WITH_DEFAULT_STARTUP
   8  0000              extern _main_initial0:near
"File: main.c        Assembler  Version HGASM0202      Page 2

   8  0000              extern _main_startup:near
   8  0000              ENDIF
   8  0000              
   8  0000              ROMBANK 0 @start
   8  0000              @start .section com_l 'code'
   8  0000              _main_startup1:
   8  0000              @start .section com_e 'code'
   8  0000  2800     R  	jmp _main
   8  0001              
   8  0000              _main .section 'code'
   8  0000              _main proc
   8  0000  0002[           local _main_2 db 2 dup(?)
            00
            ]
   8  0002              #pragma debug variable 11 2 _main_2+0 "a"
  10  0000              #line 10 "C:\Users\james\Google 雲端硬碟\自製版子\holtek\GitHub\HT_USB_Project\HT66FB550_USB_C\main.c"
  10  0000  2000     E  	call _HT66FB550_MCU_Init
  11  0001              #line 11 "C:\Users\james\Google 雲端硬碟\自製版子\holtek\GitHub\HT_USB_Project\HT66FB550_USB_C\main.c"
  11  0001  2000     E  	call _HT66FB550_IO_INIT
  15  0002              #line 15 "C:\Users\james\Google 雲端硬碟\自製版子\holtek\GitHub\HT_USB_Project\HT66FB550_USB_C\main.c"
  15  0002  2000     E  	call _UART_Init
  17  0003              #line 17 "C:\Users\james\Google 雲端硬碟\自製版子\holtek\GitHub\HT_USB_Project\HT66FB550_USB_C\main.c"
  17  0003  30A2        	set [34].1
  19  0004              #line 19 "C:\Users\james\Google 雲端硬碟\自製版子\holtek\GitHub\HT_USB_Project\HT66FB550_USB_C\main.c"
  19  0004  1F00     R  	clr _main_2[0]
  19  0005  1F00     R  	clr _main_2[1]
  19  0006              _L2:
  19  0006              #line 19 "C:\Users\james\Google 雲端硬碟\自製版子\holtek\GitHub\HT_USB_Project\HT66FB550_USB_C\main.c"
  19  0006  0F0F        	mov a,15
  19  0007  0200     R  	sub a,_main_2[0]
  19  0008  0F27        	mov a,39
  19  0009  1200     R  	sbc a,_main_2[1]
  19  000A  1185        	swap acc
  19  000B  040A        	xor a,status
  19  000C  3D85        	sz acc.3
  19  000D  2800     R  	jmp _L204
  20  000E              #line 20 "C:\Users\james\Google 雲端硬碟\自製版子\holtek\GitHub\HT_USB_Project\HT66FB550_USB_C\main.c"
  20  000E  0F42        	mov a,66
  20  000F  2000     E  	call _UART_Put_Char
  19  0010              #line 19 "C:\Users\james\Google 雲端硬碟\自製版子\holtek\GitHub\HT_USB_Project\HT66FB550_USB_C\main.c"
  19  0010  1480     R  	inc _main_2[0]
  19  0011  3D0A        	sz z
  19  0012  1480     R  	inc _main_2[1]
  19  0013  2800     R  	jmp _L2
  19  0014              _L204:
  21  0014              #line 21 "C:\Users\james\Google 雲端硬碟\自製版子\holtek\GitHub\HT_USB_Project\HT66FB550_USB_C\main.c"
  21  0014  0F42        	mov a,66
  21  0015  2000     E  	call _UART_Put_Char
  22  0016              #line 22 "C:\Users\james\Google 雲端硬碟\自製版子\holtek\GitHub\HT_USB_Project\HT66FB550_USB_C\main.c"
  22  0016  0F42        	mov a,66
  22  0017  2000     E  	call _UART_Put_Char
  23  0018              #line 23 "C:\Users\james\Google 雲端硬碟\自製版子\holtek\GitHub\HT_USB_Project\HT66FB550_USB_C\main.c"
  23  0018  0F43        	mov a,67
  23  0019  2000     E  	call _UART_Put_Char
  24  001A              #line 24 "C:\Users\james\Google 雲端硬碟\自製版子\holtek\GitHub\HT_USB_Project\HT66FB550_USB_C\main.c"
  24  001A  0F42        	mov a,66
  24  001B  2000     E  	call _UART_Put_Char
  25  001C              #line 25 "C:\Users\james\Google 雲端硬碟\自製版子\holtek\GitHub\HT_USB_Project\HT66FB550_USB_C\main.c"
  25  001C  0F41        	mov a,65
  25  001D  2000     E  	call _UART_Put_Char
"File: main.c        Assembler  Version HGASM0202      Page 3

  26  001E              #line 26 "C:\Users\james\Google 雲端硬碟\自製版子\holtek\GitHub\HT_USB_Project\HT66FB550_USB_C\main.c"
  26  001E  0F41        	mov a,65
  26  001F  2000     E  	call _UART_Put_Char
  27  0020              #line 27 "C:\Users\james\Google 雲端硬碟\自製版子\holtek\GitHub\HT_USB_Project\HT66FB550_USB_C\main.c"
  27  0020  0F0A        	mov a,10
  27  0021  2000     E  	call _UART_Put_Char
  28  0022              #line 28 "C:\Users\james\Google 雲端硬碟\自製版子\holtek\GitHub\HT_USB_Project\HT66FB550_USB_C\main.c"
  28  0022  2000     E  	call _UART_Start
  29  0023              #line 29 "C:\Users\james\Google 雲端硬碟\自製版子\holtek\GitHub\HT_USB_Project\HT66FB550_USB_C\main.c"
  29  0023  1F00     R  	clr _main_2[0]
  29  0024  1F00     R  	clr _main_2[1]
  29  0025              _L4:
  29  0025  0F0F        	mov a,15
  29  0026  0200     R  	sub a,_main_2[0]
  29  0027  0F27        	mov a,39
  29  0028  1200     R  	sbc a,_main_2[1]
  29  0029  1185        	swap acc
  29  002A  040A        	xor a,status
  29  002B  3D85        	sz acc.3
  29  002C  2800     R  	jmp _L205
  29  002D  1480     R  	inc _main_2[0]
  29  002E  3D0A        	sz z
  29  002F  1480     R  	inc _main_2[1]
  29  0030  2800     R  	jmp _L4
  29  0031              _L205:
  30  0031              #line 30 "C:\Users\james\Google 雲端硬碟\自製版子\holtek\GitHub\HT_USB_Project\HT66FB550_USB_C\main.c"
  30  0031  1F00     R  	clr _main_2[0]
  30  0032  1F00     R  	clr _main_2[1]
  30  0033              _L6:
  30  0033  0F0F        	mov a,15
  30  0034  0200     R  	sub a,_main_2[0]
  30  0035  0F27        	mov a,39
  30  0036  1200     R  	sbc a,_main_2[1]
  30  0037  1185        	swap acc
  30  0038  040A        	xor a,status
  30  0039  3D85        	sz acc.3
  30  003A  2800     R  	jmp _L206
  30  003B  1480     R  	inc _main_2[0]
  30  003C  3D0A        	sz z
  30  003D  1480     R  	inc _main_2[1]
  30  003E  2800     R  	jmp _L6
  30  003F              _L206:
  31  003F              #line 31 "C:\Users\james\Google 雲端硬碟\自製版子\holtek\GitHub\HT_USB_Project\HT66FB550_USB_C\main.c"
  31  003F  1F00     R  	clr _main_2[0]
  31  0040  1F00     R  	clr _main_2[1]
  31  0041              _L8:
  31  0041  0F0F        	mov a,15
  31  0042  0200     R  	sub a,_main_2[0]
  31  0043  0F27        	mov a,39
  31  0044  1200     R  	sbc a,_main_2[1]
  31  0045  1185        	swap acc
  31  0046  040A        	xor a,status
  31  0047  3D85        	sz acc.3
  31  0048  2800     R  	jmp _L207
  31  0049  1480     R  	inc _main_2[0]
  31  004A  3D0A        	sz z
  31  004B  1480     R  	inc _main_2[1]
  31  004C  2800     R  	jmp _L8
  31  004D              _L207:
  32  004D              #line 32 "C:\Users\james\Google 雲端硬碟\自製版子\holtek\GitHub\HT_USB_Project\HT66FB550_USB_C\main.c"
"File: main.c        Assembler  Version HGASM0202      Page 4

  32  004D  1F00     R  	clr _main_2[0]
  32  004E  1F00     R  	clr _main_2[1]
  32  004F              _L10:
  32  004F  0F0F        	mov a,15
  32  0050  0200     R  	sub a,_main_2[0]
  32  0051  0F27        	mov a,39
  32  0052  1200     R  	sbc a,_main_2[1]
  32  0053  1185        	swap acc
  32  0054  040A        	xor a,status
  32  0055  3D85        	sz acc.3
  32  0056  2800     R  	jmp _L208
  32  0057  1480     R  	inc _main_2[0]
  32  0058  3D0A        	sz z
  32  0059  1480     R  	inc _main_2[1]
  32  005A  2800     R  	jmp _L10
  32  005B              _L208:
  32  005B  1F00     R  	clr _main_2[0]
  32  005C  1F00     R  	clr _main_2[1]
  32  005D              _L12:
  32  005D  0F0F        	mov a,15
  32  005E  0200     R  	sub a,_main_2[0]
  32  005F  0F27        	mov a,39
  32  0060  1200     R  	sbc a,_main_2[1]
  32  0061  1185        	swap acc
  32  0062  040A        	xor a,status
  32  0063  3D85        	sz acc.3
  32  0064  2800     R  	jmp _L209
  32  0065  1480     R  	inc _main_2[0]
  32  0066  3D0A        	sz z
  32  0067  1480     R  	inc _main_2[1]
  32  0068  2800     R  	jmp _L12
  32  0069              _L209:
  33  0069              #line 33 "C:\Users\james\Google 雲端硬碟\自製版子\holtek\GitHub\HT_USB_Project\HT66FB550_USB_C\main.c"
  33  0069  1F00     R  	clr _main_2[0]
  33  006A  1F00     R  	clr _main_2[1]
  33  006B              _L14:
  33  006B  0F0F        	mov a,15
  33  006C  0200     R  	sub a,_main_2[0]
  33  006D  0F27        	mov a,39
  33  006E  1200     R  	sbc a,_main_2[1]
  33  006F  1185        	swap acc
  33  0070  040A        	xor a,status
  33  0071  3D85        	sz acc.3
  33  0072  2800     R  	jmp _L210
  33  0073  1480     R  	inc _main_2[0]
  33  0074  3D0A        	sz z
  33  0075  1480     R  	inc _main_2[1]
  33  0076  2800     R  	jmp _L14
  33  0077              _L210:
  33  0077  1F00     R  	clr _main_2[0]
  33  0078  1F00     R  	clr _main_2[1]
  33  0079              _L16:
  33  0079  0F0F        	mov a,15
  33  007A  0200     R  	sub a,_main_2[0]
  33  007B  0F27        	mov a,39
  33  007C  1200     R  	sbc a,_main_2[1]
  33  007D  1185        	swap acc
  33  007E  040A        	xor a,status
  33  007F  3D85        	sz acc.3
  33  0080  2800     R  	jmp _L211
"File: main.c        Assembler  Version HGASM0202      Page 5

  33  0081  1480     R  	inc _main_2[0]
  33  0082  3D0A        	sz z
  33  0083  1480     R  	inc _main_2[1]
  33  0084  2800     R  	jmp _L16
  33  0085              _L211:
  34  0085              #line 34 "C:\Users\james\Google 雲端硬碟\自製版子\holtek\GitHub\HT_USB_Project\HT66FB550_USB_C\main.c"
  34  0085  1F00     R  	clr _main_2[0]
  34  0086  1F00     R  	clr _main_2[1]
  34  0087              _L18:
  34  0087  0F0F        	mov a,15
  34  0088  0200     R  	sub a,_main_2[0]
  34  0089  0F27        	mov a,39
  34  008A  1200     R  	sbc a,_main_2[1]
  34  008B  1185        	swap acc
  34  008C  040A        	xor a,status
  34  008D  3D85        	sz acc.3
  34  008E  2800     R  	jmp _L212
  34  008F  1480     R  	inc _main_2[0]
  34  0090  3D0A        	sz z
  34  0091  1480     R  	inc _main_2[1]
  34  0092  2800     R  	jmp _L18
  34  0093              _L212:
  34  0093  1F00     R  	clr _main_2[0]
  34  0094  1F00     R  	clr _main_2[1]
  34  0095              _L20:
  34  0095  0F0F        	mov a,15
  34  0096  0200     R  	sub a,_main_2[0]
  34  0097  0F27        	mov a,39
  34  0098  1200     R  	sbc a,_main_2[1]
  34  0099  1185        	swap acc
  34  009A  040A        	xor a,status
  34  009B  3D85        	sz acc.3
  34  009C  2800     R  	jmp _L213
  34  009D  1480     R  	inc _main_2[0]
  34  009E  3D0A        	sz z
  34  009F  1480     R  	inc _main_2[1]
  34  00A0  2800     R  	jmp _L20
  34  00A1              _L213:
  34  00A1  1F00     R  	clr _main_2[0]
  34  00A2  1F00     R  	clr _main_2[1]
  34  00A3              _L22:
  34  00A3  0F0F        	mov a,15
  34  00A4  0200     R  	sub a,_main_2[0]
  34  00A5  0F27        	mov a,39
  34  00A6  1200     R  	sbc a,_main_2[1]
  34  00A7  1185        	swap acc
  34  00A8  040A        	xor a,status
  34  00A9  3D85        	sz acc.3
  34  00AA  2800     R  	jmp _L214
  34  00AB  1480     R  	inc _main_2[0]
  34  00AC  3D0A        	sz z
  34  00AD  1480     R  	inc _main_2[1]
  34  00AE  2800     R  	jmp _L22
  34  00AF              _L214:
  35  00AF              #line 35 "C:\Users\james\Google 雲端硬碟\自製版子\holtek\GitHub\HT_USB_Project\HT66FB550_USB_C\main.c"
  35  00AF  1F00     R  	clr _main_2[0]
  35  00B0  1F00     R  	clr _main_2[1]
  35  00B1              _L24:
  35  00B1  0F0F        	mov a,15
  35  00B2  0200     R  	sub a,_main_2[0]
"File: main.c        Assembler  Version HGASM0202      Page 6

  35  00B3  0F27        	mov a,39
  35  00B4  1200     R  	sbc a,_main_2[1]
  35  00B5  1185        	swap acc
  35  00B6  040A        	xor a,status
  35  00B7  3D85        	sz acc.3
  35  00B8  2800     R  	jmp _L215
  35  00B9  1480     R  	inc _main_2[0]
  35  00BA  3D0A        	sz z
  35  00BB  1480     R  	inc _main_2[1]
  35  00BC  2800     R  	jmp _L24
  35  00BD              _L215:
  36  00BD              #line 36 "C:\Users\james\Google 雲端硬碟\自製版子\holtek\GitHub\HT_USB_Project\HT66FB550_USB_C\main.c"
  36  00BD  1F00     R  	clr _main_2[0]
  36  00BE  1F00     R  	clr _main_2[1]
  36  00BF              _L26:
  36  00BF  0F0F        	mov a,15
  36  00C0  0200     R  	sub a,_main_2[0]
  36  00C1  0F27        	mov a,39
  36  00C2  1200     R  	sbc a,_main_2[1]
  36  00C3  1185        	swap acc
  36  00C4  040A        	xor a,status
  36  00C5  3D85        	sz acc.3
  36  00C6  2800     R  	jmp _L216
  36  00C7  1480     R  	inc _main_2[0]
  36  00C8  3D0A        	sz z
  36  00C9  1480     R  	inc _main_2[1]
  36  00CA  2800     R  	jmp _L26
  36  00CB              _L216:
  37  00CB              #line 37 "C:\Users\james\Google 雲端硬碟\自製版子\holtek\GitHub\HT_USB_Project\HT66FB550_USB_C\main.c"
  37  00CB  1F00     R  	clr _main_2[0]
  37  00CC  1F00     R  	clr _main_2[1]
  37  00CD              _L28:
  37  00CD  0F0F        	mov a,15
  37  00CE  0200     R  	sub a,_main_2[0]
  37  00CF  0F27        	mov a,39
  37  00D0  1200     R  	sbc a,_main_2[1]
  37  00D1  1185        	swap acc
  37  00D2  040A        	xor a,status
  37  00D3  3D85        	sz acc.3
  37  00D4  2800     R  	jmp _L217
  37  00D5  1480     R  	inc _main_2[0]
  37  00D6  3D0A        	sz z
  37  00D7  1480     R  	inc _main_2[1]
  37  00D8  2800     R  	jmp _L28
  37  00D9              _L217:
  37  00D9  1F00     R  	clr _main_2[0]
  37  00DA  1F00     R  	clr _main_2[1]
  37  00DB              _L30:
  37  00DB  0F0F        	mov a,15
  37  00DC  0200     R  	sub a,_main_2[0]
  37  00DD  0F27        	mov a,39
  37  00DE  1200     R  	sbc a,_main_2[1]
  37  00DF  1185        	swap acc
  37  00E0  040A        	xor a,status
  37  00E1  3D85        	sz acc.3
  37  00E2  2800     R  	jmp _L218
  37  00E3  1480     R  	inc _main_2[0]
  37  00E4  3D0A        	sz z
  37  00E5  1480     R  	inc _main_2[1]
  37  00E6  2800     R  	jmp _L30
"File: main.c        Assembler  Version HGASM0202      Page 7

  37  00E7              _L218:
  38  00E7              #line 38 "C:\Users\james\Google 雲端硬碟\自製版子\holtek\GitHub\HT_USB_Project\HT66FB550_USB_C\main.c"
  38  00E7  1F00     R  	clr _main_2[0]
  38  00E8  1F00     R  	clr _main_2[1]
  38  00E9              _L32:
  38  00E9  0F0F        	mov a,15
  38  00EA  0200     R  	sub a,_main_2[0]
  38  00EB  0F27        	mov a,39
  38  00EC  1200     R  	sbc a,_main_2[1]
  38  00ED  1185        	swap acc
  38  00EE  040A        	xor a,status
  38  00EF  3D85        	sz acc.3
  38  00F0  2800     R  	jmp _L219
  38  00F1  1480     R  	inc _main_2[0]
  38  00F2  3D0A        	sz z
  38  00F3  1480     R  	inc _main_2[1]
  38  00F4  2800     R  	jmp _L32
  38  00F5              _L219:
  38  00F5  1F00     R  	clr _main_2[0]
  38  00F6  1F00     R  	clr _main_2[1]
  38  00F7              _L34:
  38  00F7  0F0F        	mov a,15
  38  00F8  0200     R  	sub a,_main_2[0]
  38  00F9  0F27        	mov a,39
  38  00FA  1200     R  	sbc a,_main_2[1]
  38  00FB  1185        	swap acc
  38  00FC  040A        	xor a,status
  38  00FD  3D85        	sz acc.3
  38  00FE  2800     R  	jmp _L220
  38  00FF  1480     R  	inc _main_2[0]
  38  0100  3D0A        	sz z
  38  0101  1480     R  	inc _main_2[1]
  38  0102  2800     R  	jmp _L34
  38  0103              _L220:
  39  0103              #line 39 "C:\Users\james\Google 雲端硬碟\自製版子\holtek\GitHub\HT_USB_Project\HT66FB550_USB_C\main.c"
  39  0103  1F00     R  	clr _main_2[0]
  39  0104  1F00     R  	clr _main_2[1]
  39  0105              _L36:
  39  0105  0F0F        	mov a,15
  39  0106  0200     R  	sub a,_main_2[0]
  39  0107  0F27        	mov a,39
  39  0108  1200     R  	sbc a,_main_2[1]
  39  0109  1185        	swap acc
  39  010A  040A        	xor a,status
  39  010B  3D85        	sz acc.3
  39  010C  2800     R  	jmp _L221
  39  010D  1480     R  	inc _main_2[0]
  39  010E  3D0A        	sz z
  39  010F  1480     R  	inc _main_2[1]
  39  0110  2800     R  	jmp _L36
  39  0111              _L221:
  39  0111  1F00     R  	clr _main_2[0]
  39  0112  1F00     R  	clr _main_2[1]
  39  0113              _L38:
  39  0113  0F0F        	mov a,15
  39  0114  0200     R  	sub a,_main_2[0]
  39  0115  0F27        	mov a,39
  39  0116  1200     R  	sbc a,_main_2[1]
  39  0117  1185        	swap acc
  39  0118  040A        	xor a,status
"File: main.c        Assembler  Version HGASM0202      Page 8

  39  0119  3D85        	sz acc.3
  39  011A  2800     R  	jmp _L222
  39  011B  1480     R  	inc _main_2[0]
  39  011C  3D0A        	sz z
  39  011D  1480     R  	inc _main_2[1]
  39  011E  2800     R  	jmp _L38
  39  011F              _L222:
  39  011F  1F00     R  	clr _main_2[0]
  39  0120  1F00     R  	clr _main_2[1]
  39  0121              _L40:
  39  0121  0F0F        	mov a,15
  39  0122  0200     R  	sub a,_main_2[0]
  39  0123  0F27        	mov a,39
  39  0124  1200     R  	sbc a,_main_2[1]
  39  0125  1185        	swap acc
  39  0126  040A        	xor a,status
  39  0127  3D85        	sz acc.3
  39  0128  2800     R  	jmp _L223
  39  0129  1480     R  	inc _main_2[0]
  39  012A  3D0A        	sz z
  39  012B  1480     R  	inc _main_2[1]
  39  012C  2800     R  	jmp _L40
  39  012D              _L223:
  40  012D              #line 40 "C:\Users\james\Google 雲端硬碟\自製版子\holtek\GitHub\HT_USB_Project\HT66FB550_USB_C\main.c"
  40  012D  1F00     R  	clr _main_2[0]
  40  012E  1F00     R  	clr _main_2[1]
  40  012F              _L42:
  40  012F  0F0F        	mov a,15
  40  0130  0200     R  	sub a,_main_2[0]
  40  0131  0F27        	mov a,39
  40  0132  1200     R  	sbc a,_main_2[1]
  40  0133  1185        	swap acc
  40  0134  040A        	xor a,status
  40  0135  3D85        	sz acc.3
  40  0136  2800     R  	jmp _L224
  40  0137  1480     R  	inc _main_2[0]
  40  0138  3D0A        	sz z
  40  0139  1480     R  	inc _main_2[1]
  40  013A  2800     R  	jmp _L42
  40  013B              _L224:
  41  013B              #line 41 "C:\Users\james\Google 雲端硬碟\自製版子\holtek\GitHub\HT_USB_Project\HT66FB550_USB_C\main.c"
  41  013B  1F00     R  	clr _main_2[0]
  41  013C  1F00     R  	clr _main_2[1]
  41  013D              _L44:
  41  013D  0F0F        	mov a,15
  41  013E  0200     R  	sub a,_main_2[0]
  41  013F  0F27        	mov a,39
  41  0140  1200     R  	sbc a,_main_2[1]
  41  0141  1185        	swap acc
  41  0142  040A        	xor a,status
  41  0143  3D85        	sz acc.3
  41  0144  2800     R  	jmp _L225
  41  0145  1480     R  	inc _main_2[0]
  41  0146  3D0A        	sz z
  41  0147  1480     R  	inc _main_2[1]
  41  0148  2800     R  	jmp _L44
  41  0149              _L225:
  42  0149              #line 42 "C:\Users\james\Google 雲端硬碟\自製版子\holtek\GitHub\HT_USB_Project\HT66FB550_USB_C\main.c"
  42  0149  1F00     R  	clr _main_2[0]
  42  014A  1F00     R  	clr _main_2[1]
"File: main.c        Assembler  Version HGASM0202      Page 9

  42  014B              _L46:
  42  014B  0F0F        	mov a,15
  42  014C  0200     R  	sub a,_main_2[0]
  42  014D  0F27        	mov a,39
  42  014E  1200     R  	sbc a,_main_2[1]
  42  014F  1185        	swap acc
  42  0150  040A        	xor a,status
  42  0151  3D85        	sz acc.3
  42  0152  2800     R  	jmp _L226
  42  0153  1480     R  	inc _main_2[0]
  42  0154  3D0A        	sz z
  42  0155  1480     R  	inc _main_2[1]
  42  0156  2800     R  	jmp _L46
  42  0157              _L226:
  42  0157  1F00     R  	clr _main_2[0]
  42  0158  1F00     R  	clr _main_2[1]
  42  0159              _L48:
  42  0159  0F0F        	mov a,15
  42  015A  0200     R  	sub a,_main_2[0]
  42  015B  0F27        	mov a,39
  42  015C  1200     R  	sbc a,_main_2[1]
  42  015D  1185        	swap acc
  42  015E  040A        	xor a,status
  42  015F  3D85        	sz acc.3
  42  0160  2800     R  	jmp _L227
  42  0161  1480     R  	inc _main_2[0]
  42  0162  3D0A        	sz z
  42  0163  1480     R  	inc _main_2[1]
  42  0164  2800     R  	jmp _L48
  42  0165              _L227:
  43  0165              #line 43 "C:\Users\james\Google 雲端硬碟\自製版子\holtek\GitHub\HT_USB_Project\HT66FB550_USB_C\main.c"
  43  0165  1F00     R  	clr _main_2[0]
  43  0166  1F00     R  	clr _main_2[1]
  43  0167              _L50:
  43  0167  0F0F        	mov a,15
  43  0168  0200     R  	sub a,_main_2[0]
  43  0169  0F27        	mov a,39
  43  016A  1200     R  	sbc a,_main_2[1]
  43  016B  1185        	swap acc
  43  016C  040A        	xor a,status
  43  016D  3D85        	sz acc.3
  43  016E  2800     R  	jmp _L228
  43  016F  1480     R  	inc _main_2[0]
  43  0170  3D0A        	sz z
  43  0171  1480     R  	inc _main_2[1]
  43  0172  2800     R  	jmp _L50
  43  0173              _L228:
  43  0173  1F00     R  	clr _main_2[0]
  43  0174  1F00     R  	clr _main_2[1]
  43  0175              _L52:
  43  0175  0F0F        	mov a,15
  43  0176  0200     R  	sub a,_main_2[0]
  43  0177  0F27        	mov a,39
  43  0178  1200     R  	sbc a,_main_2[1]
  43  0179  1185        	swap acc
  43  017A  040A        	xor a,status
  43  017B  3D85        	sz acc.3
  43  017C  2800     R  	jmp _L229
  43  017D  1480     R  	inc _main_2[0]
  43  017E  3D0A        	sz z
"File: main.c        Assembler  Version HGASM0202      Page 10

  43  017F  1480     R  	inc _main_2[1]
  43  0180  2800     R  	jmp _L52
  43  0181              _L229:
  44  0181              #line 44 "C:\Users\james\Google 雲端硬碟\自製版子\holtek\GitHub\HT_USB_Project\HT66FB550_USB_C\main.c"
  44  0181  1F00     R  	clr _main_2[0]
  44  0182  1F00     R  	clr _main_2[1]
  44  0183              _L54:
  44  0183  0F0F        	mov a,15
  44  0184  0200     R  	sub a,_main_2[0]
  44  0185  0F27        	mov a,39
  44  0186  1200     R  	sbc a,_main_2[1]
  44  0187  1185        	swap acc
  44  0188  040A        	xor a,status
  44  0189  3D85        	sz acc.3
  44  018A  2800     R  	jmp _L230
  44  018B  1480     R  	inc _main_2[0]
  44  018C  3D0A        	sz z
  44  018D  1480     R  	inc _main_2[1]
  44  018E  2800     R  	jmp _L54
  44  018F              _L230:
  44  018F  1F00     R  	clr _main_2[0]
  44  0190  1F00     R  	clr _main_2[1]
  44  0191              _L56:
  44  0191  0F0F        	mov a,15
  44  0192  0200     R  	sub a,_main_2[0]
  44  0193  0F27        	mov a,39
  44  0194  1200     R  	sbc a,_main_2[1]
  44  0195  1185        	swap acc
  44  0196  040A        	xor a,status
  44  0197  3D85        	sz acc.3
  44  0198  2800     R  	jmp _L231
  44  0199  1480     R  	inc _main_2[0]
  44  019A  3D0A        	sz z
  44  019B  1480     R  	inc _main_2[1]
  44  019C  2800     R  	jmp _L56
  44  019D              _L231:
  44  019D  1F00     R  	clr _main_2[0]
  44  019E  1F00     R  	clr _main_2[1]
  44  019F              _L58:
  44  019F  0F0F        	mov a,15
  44  01A0  0200     R  	sub a,_main_2[0]
  44  01A1  0F27        	mov a,39
  44  01A2  1200     R  	sbc a,_main_2[1]
  44  01A3  1185        	swap acc
  44  01A4  040A        	xor a,status
  44  01A5  3D85        	sz acc.3
  44  01A6  2800     R  	jmp _L232
  44  01A7  1480     R  	inc _main_2[0]
  44  01A8  3D0A        	sz z
  44  01A9  1480     R  	inc _main_2[1]
  44  01AA  2800     R  	jmp _L58
  44  01AB              _L232:
  45  01AB              #line 45 "C:\Users\james\Google 雲端硬碟\自製版子\holtek\GitHub\HT_USB_Project\HT66FB550_USB_C\main.c"
  45  01AB  1F00     R  	clr _main_2[0]
  45  01AC  1F00     R  	clr _main_2[1]
  45  01AD              _L60:
  45  01AD  0F0F        	mov a,15
  45  01AE  0200     R  	sub a,_main_2[0]
  45  01AF  0F27        	mov a,39
  45  01B0  1200     R  	sbc a,_main_2[1]
"File: main.c        Assembler  Version HGASM0202      Page 11

  45  01B1  1185        	swap acc
  45  01B2  040A        	xor a,status
  45  01B3  3D85        	sz acc.3
  45  01B4  2800     R  	jmp _L233
  45  01B5  1480     R  	inc _main_2[0]
  45  01B6  3D0A        	sz z
  45  01B7  1480     R  	inc _main_2[1]
  45  01B8  2800     R  	jmp _L60
  45  01B9              _L233:
  46  01B9              #line 46 "C:\Users\james\Google 雲端硬碟\自製版子\holtek\GitHub\HT_USB_Project\HT66FB550_USB_C\main.c"
  46  01B9  1F00     R  	clr _main_2[0]
  46  01BA  1F00     R  	clr _main_2[1]
  46  01BB              _L62:
  46  01BB  0F0F        	mov a,15
  46  01BC  0200     R  	sub a,_main_2[0]
  46  01BD  0F27        	mov a,39
  46  01BE  1200     R  	sbc a,_main_2[1]
  46  01BF  1185        	swap acc
  46  01C0  040A        	xor a,status
  46  01C1  3D85        	sz acc.3
  46  01C2  2800     R  	jmp _L234
  46  01C3  1480     R  	inc _main_2[0]
  46  01C4  3D0A        	sz z
  46  01C5  1480     R  	inc _main_2[1]
  46  01C6  2800     R  	jmp _L62
  46  01C7              _L234:
  47  01C7              #line 47 "C:\Users\james\Google 雲端硬碟\自製版子\holtek\GitHub\HT_USB_Project\HT66FB550_USB_C\main.c"
  47  01C7  1F00     R  	clr _main_2[0]
  47  01C8  1F00     R  	clr _main_2[1]
  47  01C9              _L64:
  47  01C9  0F0F        	mov a,15
  47  01CA  0200     R  	sub a,_main_2[0]
  47  01CB  0F27        	mov a,39
  47  01CC  1200     R  	sbc a,_main_2[1]
  47  01CD  1185        	swap acc
  47  01CE  040A        	xor a,status
  47  01CF  3D85        	sz acc.3
  47  01D0  2800     R  	jmp _L235
  47  01D1  1480     R  	inc _main_2[0]
  47  01D2  3D0A        	sz z
  47  01D3  1480     R  	inc _main_2[1]
  47  01D4  2800     R  	jmp _L64
  47  01D5              _L235:
  47  01D5  1F00     R  	clr _main_2[0]
  47  01D6  1F00     R  	clr _main_2[1]
  47  01D7              _L66:
  47  01D7  0F0F        	mov a,15
  47  01D8  0200     R  	sub a,_main_2[0]
  47  01D9  0F27        	mov a,39
  47  01DA  1200     R  	sbc a,_main_2[1]
  47  01DB  1185        	swap acc
  47  01DC  040A        	xor a,status
  47  01DD  3D85        	sz acc.3
  47  01DE  2800     R  	jmp _L236
  47  01DF  1480     R  	inc _main_2[0]
  47  01E0  3D0A        	sz z
  47  01E1  1480     R  	inc _main_2[1]
  47  01E2  2800     R  	jmp _L66
  47  01E3              _L236:
  48  01E3              #line 48 "C:\Users\james\Google 雲端硬碟\自製版子\holtek\GitHub\HT_USB_Project\HT66FB550_USB_C\main.c"
"File: main.c        Assembler  Version HGASM0202      Page 12

  48  01E3  1F00     R  	clr _main_2[0]
  48  01E4  1F00     R  	clr _main_2[1]
  48  01E5              _L68:
  48  01E5  0F0F        	mov a,15
  48  01E6  0200     R  	sub a,_main_2[0]
  48  01E7  0F27        	mov a,39
  48  01E8  1200     R  	sbc a,_main_2[1]
  48  01E9  1185        	swap acc
  48  01EA  040A        	xor a,status
  48  01EB  3D85        	sz acc.3
  48  01EC  2800     R  	jmp _L237
  48  01ED  1480     R  	inc _main_2[0]
  48  01EE  3D0A        	sz z
  48  01EF  1480     R  	inc _main_2[1]
  48  01F0  2800     R  	jmp _L68
  48  01F1              _L237:
  48  01F1  1F00     R  	clr _main_2[0]
  48  01F2  1F00     R  	clr _main_2[1]
  48  01F3              _L70:
  48  01F3  0F0F        	mov a,15
  48  01F4  0200     R  	sub a,_main_2[0]
  48  01F5  0F27        	mov a,39
  48  01F6  1200     R  	sbc a,_main_2[1]
  48  01F7  1185        	swap acc
  48  01F8  040A        	xor a,status
  48  01F9  3D85        	sz acc.3
  48  01FA  2800     R  	jmp _L238
  48  01FB  1480     R  	inc _main_2[0]
  48  01FC  3D0A        	sz z
  48  01FD  1480     R  	inc _main_2[1]
  48  01FE  2800     R  	jmp _L70
  48  01FF              _L238:
  49  01FF              #line 49 "C:\Users\james\Google 雲端硬碟\自製版子\holtek\GitHub\HT_USB_Project\HT66FB550_USB_C\main.c"
  49  01FF  1F00     R  	clr _main_2[0]
  49  0200  1F00     R  	clr _main_2[1]
  49  0201              _L72:
  49  0201  0F0F        	mov a,15
  49  0202  0200     R  	sub a,_main_2[0]
  49  0203  0F27        	mov a,39
  49  0204  1200     R  	sbc a,_main_2[1]
  49  0205  1185        	swap acc
  49  0206  040A        	xor a,status
  49  0207  3D85        	sz acc.3
  49  0208  2800     R  	jmp _L239
  49  0209  1480     R  	inc _main_2[0]
  49  020A  3D0A        	sz z
  49  020B  1480     R  	inc _main_2[1]
  49  020C  2800     R  	jmp _L72
  49  020D              _L239:
  49  020D  1F00     R  	clr _main_2[0]
  49  020E  1F00     R  	clr _main_2[1]
  49  020F              _L74:
  49  020F  0F0F        	mov a,15
  49  0210  0200     R  	sub a,_main_2[0]
  49  0211  0F27        	mov a,39
  49  0212  1200     R  	sbc a,_main_2[1]
  49  0213  1185        	swap acc
  49  0214  040A        	xor a,status
  49  0215  3D85        	sz acc.3
  49  0216  2800     R  	jmp _L240
"File: main.c        Assembler  Version HGASM0202      Page 13

  49  0217  1480     R  	inc _main_2[0]
  49  0218  3D0A        	sz z
  49  0219  1480     R  	inc _main_2[1]
  49  021A  2800     R  	jmp _L74
  49  021B              _L240:
  49  021B  1F00     R  	clr _main_2[0]
  49  021C  1F00     R  	clr _main_2[1]
  49  021D              _L76:
  49  021D  0F0F        	mov a,15
  49  021E  0200     R  	sub a,_main_2[0]
  49  021F  0F27        	mov a,39
  49  0220  1200     R  	sbc a,_main_2[1]
  49  0221  1185        	swap acc
  49  0222  040A        	xor a,status
  49  0223  3D85        	sz acc.3
  49  0224  2800     R  	jmp _L241
  49  0225  1480     R  	inc _main_2[0]
  49  0226  3D0A        	sz z
  49  0227  1480     R  	inc _main_2[1]
  49  0228  2800     R  	jmp _L76
  49  0229              _L241:
  50  0229              #line 50 "C:\Users\james\Google 雲端硬碟\自製版子\holtek\GitHub\HT_USB_Project\HT66FB550_USB_C\main.c"
  50  0229  1F00     R  	clr _main_2[0]
  50  022A  1F00     R  	clr _main_2[1]
  50  022B              _L78:
  50  022B  0F0F        	mov a,15
  50  022C  0200     R  	sub a,_main_2[0]
  50  022D  0F27        	mov a,39
  50  022E  1200     R  	sbc a,_main_2[1]
  50  022F  1185        	swap acc
  50  0230  040A        	xor a,status
  50  0231  3D85        	sz acc.3
  50  0232  2800     R  	jmp _L242
  50  0233  1480     R  	inc _main_2[0]
  50  0234  3D0A        	sz z
  50  0235  1480     R  	inc _main_2[1]
  50  0236  2800     R  	jmp _L78
  50  0237              _L242:
  51  0237              #line 51 "C:\Users\james\Google 雲端硬碟\自製版子\holtek\GitHub\HT_USB_Project\HT66FB550_USB_C\main.c"
  51  0237  1F00     R  	clr _main_2[0]
  51  0238  1F00     R  	clr _main_2[1]
  51  0239              _L80:
  51  0239  0F0F        	mov a,15
  51  023A  0200     R  	sub a,_main_2[0]
  51  023B  0F27        	mov a,39
  51  023C  1200     R  	sbc a,_main_2[1]
  51  023D  1185        	swap acc
  51  023E  040A        	xor a,status
  51  023F  3D85        	sz acc.3
  51  0240  2800     R  	jmp _L243
  51  0241  1480     R  	inc _main_2[0]
  51  0242  3D0A        	sz z
  51  0243  1480     R  	inc _main_2[1]
  51  0244  2800     R  	jmp _L80
  51  0245              _L243:
  52  0245              #line 52 "C:\Users\james\Google 雲端硬碟\自製版子\holtek\GitHub\HT_USB_Project\HT66FB550_USB_C\main.c"
  52  0245  1F00     R  	clr _main_2[0]
  52  0246  1F00     R  	clr _main_2[1]
  52  0247              _L82:
  52  0247  0F0F        	mov a,15
"File: main.c        Assembler  Version HGASM0202      Page 14

  52  0248  0200     R  	sub a,_main_2[0]
  52  0249  0F27        	mov a,39
  52  024A  1200     R  	sbc a,_main_2[1]
  52  024B  1185        	swap acc
  52  024C  040A        	xor a,status
  52  024D  3D85        	sz acc.3
  52  024E  2800     R  	jmp _L244
  52  024F  1480     R  	inc _main_2[0]
  52  0250  3D0A        	sz z
  52  0251  1480     R  	inc _main_2[1]
  52  0252  2800     R  	jmp _L82
  52  0253              _L244:
  52  0253  1F00     R  	clr _main_2[0]
  52  0254  1F00     R  	clr _main_2[1]
  52  0255              _L84:
  52  0255  0F0F        	mov a,15
  52  0256  0200     R  	sub a,_main_2[0]
  52  0257  0F27        	mov a,39
  52  0258  1200     R  	sbc a,_main_2[1]
  52  0259  1185        	swap acc
  52  025A  040A        	xor a,status
  52  025B  3D85        	sz acc.3
  52  025C  2800     R  	jmp _L245
  52  025D  1480     R  	inc _main_2[0]
  52  025E  3D0A        	sz z
  52  025F  1480     R  	inc _main_2[1]
  52  0260  2800     R  	jmp _L84
  52  0261              _L245:
  53  0261              #line 53 "C:\Users\james\Google 雲端硬碟\自製版子\holtek\GitHub\HT_USB_Project\HT66FB550_USB_C\main.c"
  53  0261  1F00     R  	clr _main_2[0]
  53  0262  1F00     R  	clr _main_2[1]
  53  0263              _L86:
  53  0263  0F0F        	mov a,15
  53  0264  0200     R  	sub a,_main_2[0]
  53  0265  0F27        	mov a,39
  53  0266  1200     R  	sbc a,_main_2[1]
  53  0267  1185        	swap acc
  53  0268  040A        	xor a,status
  53  0269  3D85        	sz acc.3
  53  026A  2800     R  	jmp _L246
  53  026B  1480     R  	inc _main_2[0]
  53  026C  3D0A        	sz z
  53  026D  1480     R  	inc _main_2[1]
  53  026E  2800     R  	jmp _L86
  53  026F              _L246:
  53  026F  1F00     R  	clr _main_2[0]
  53  0270  1F00     R  	clr _main_2[1]
  53  0271              _L88:
  53  0271  0F0F        	mov a,15
  53  0272  0200     R  	sub a,_main_2[0]
  53  0273  0F27        	mov a,39
  53  0274  1200     R  	sbc a,_main_2[1]
  53  0275  1185        	swap acc
  53  0276  040A        	xor a,status
  53  0277  3D85        	sz acc.3
  53  0278  2800     R  	jmp _L247
  53  0279  1480     R  	inc _main_2[0]
  53  027A  3D0A        	sz z
  53  027B  1480     R  	inc _main_2[1]
  53  027C  2800     R  	jmp _L88
"File: main.c        Assembler  Version HGASM0202      Page 15

  53  027D              _L247:
  54  027D              #line 54 "C:\Users\james\Google 雲端硬碟\自製版子\holtek\GitHub\HT_USB_Project\HT66FB550_USB_C\main.c"
  54  027D  1F00     R  	clr _main_2[0]
  54  027E  1F00     R  	clr _main_2[1]
  54  027F              _L90:
  54  027F  0F0F        	mov a,15
  54  0280  0200     R  	sub a,_main_2[0]
  54  0281  0F27        	mov a,39
  54  0282  1200     R  	sbc a,_main_2[1]
  54  0283  1185        	swap acc
  54  0284  040A        	xor a,status
  54  0285  3D85        	sz acc.3
  54  0286  2800     R  	jmp _L248
  54  0287  1480     R  	inc _main_2[0]
  54  0288  3D0A        	sz z
  54  0289  1480     R  	inc _main_2[1]
  54  028A  2800     R  	jmp _L90
  54  028B              _L248:
  54  028B  1F00     R  	clr _main_2[0]
  54  028C  1F00     R  	clr _main_2[1]
  54  028D              _L92:
  54  028D  0F0F        	mov a,15
  54  028E  0200     R  	sub a,_main_2[0]
  54  028F  0F27        	mov a,39
  54  0290  1200     R  	sbc a,_main_2[1]
  54  0291  1185        	swap acc
  54  0292  040A        	xor a,status
  54  0293  3D85        	sz acc.3
  54  0294  2800     R  	jmp _L249
  54  0295  1480     R  	inc _main_2[0]
  54  0296  3D0A        	sz z
  54  0297  1480     R  	inc _main_2[1]
  54  0298  2800     R  	jmp _L92
  54  0299              _L249:
  54  0299  1F00     R  	clr _main_2[0]
  54  029A  1F00     R  	clr _main_2[1]
  54  029B              _L94:
  54  029B  0F0F        	mov a,15
  54  029C  0200     R  	sub a,_main_2[0]
  54  029D  0F27        	mov a,39
  54  029E  1200     R  	sbc a,_main_2[1]
  54  029F  1185        	swap acc
  54  02A0  040A        	xor a,status
  54  02A1  3D85        	sz acc.3
  54  02A2  2800     R  	jmp _L250
  54  02A3  1480     R  	inc _main_2[0]
  54  02A4  3D0A        	sz z
  54  02A5  1480     R  	inc _main_2[1]
  54  02A6  2800     R  	jmp _L94
  54  02A7              _L250:
  55  02A7              #line 55 "C:\Users\james\Google 雲端硬碟\自製版子\holtek\GitHub\HT_USB_Project\HT66FB550_USB_C\main.c"
  55  02A7  1F00     R  	clr _main_2[0]
  55  02A8  1F00     R  	clr _main_2[1]
  55  02A9              _L96:
  55  02A9  0F0F        	mov a,15
  55  02AA  0200     R  	sub a,_main_2[0]
  55  02AB  0F27        	mov a,39
  55  02AC  1200     R  	sbc a,_main_2[1]
  55  02AD  1185        	swap acc
  55  02AE  040A        	xor a,status
"File: main.c        Assembler  Version HGASM0202      Page 16

  55  02AF  3D85        	sz acc.3
  55  02B0  2800     R  	jmp _L251
  55  02B1  1480     R  	inc _main_2[0]
  55  02B2  3D0A        	sz z
  55  02B3  1480     R  	inc _main_2[1]
  55  02B4  2800     R  	jmp _L96
  55  02B5              _L251:
  56  02B5              #line 56 "C:\Users\james\Google 雲端硬碟\自製版子\holtek\GitHub\HT_USB_Project\HT66FB550_USB_C\main.c"
  56  02B5  1F00     R  	clr _main_2[0]
  56  02B6  1F00     R  	clr _main_2[1]
  56  02B7              _L98:
  56  02B7  0F0F        	mov a,15
  56  02B8  0200     R  	sub a,_main_2[0]
  56  02B9  0F27        	mov a,39
  56  02BA  1200     R  	sbc a,_main_2[1]
  56  02BB  1185        	swap acc
  56  02BC  040A        	xor a,status
  56  02BD  3D85        	sz acc.3
  56  02BE  2800     R  	jmp _L252
  56  02BF  1480     R  	inc _main_2[0]
  56  02C0  3D0A        	sz z
  56  02C1  1480     R  	inc _main_2[1]
  56  02C2  2800     R  	jmp _L98
  56  02C3              _L252:
  57  02C3              #line 57 "C:\Users\james\Google 雲端硬碟\自製版子\holtek\GitHub\HT_USB_Project\HT66FB550_USB_C\main.c"
  57  02C3  1F00     R  	clr _main_2[0]
  57  02C4  1F00     R  	clr _main_2[1]
  57  02C5              _L100:
  57  02C5  0F0F        	mov a,15
  57  02C6  0200     R  	sub a,_main_2[0]
  57  02C7  0F27        	mov a,39
  57  02C8  1200     R  	sbc a,_main_2[1]
  57  02C9  1185        	swap acc
  57  02CA  040A        	xor a,status
  57  02CB  3D85        	sz acc.3
  57  02CC  2800     R  	jmp _L253
  57  02CD  1480     R  	inc _main_2[0]
  57  02CE  3D0A        	sz z
  57  02CF  1480     R  	inc _main_2[1]
  57  02D0  2800     R  	jmp _L100
  57  02D1              _L253:
  57  02D1  1F00     R  	clr _main_2[0]
  57  02D2  1F00     R  	clr _main_2[1]
  57  02D3              _L102:
  57  02D3  0F0F        	mov a,15
  57  02D4  0200     R  	sub a,_main_2[0]
  57  02D5  0F27        	mov a,39
  57  02D6  1200     R  	sbc a,_main_2[1]
  57  02D7  1185        	swap acc
  57  02D8  040A        	xor a,status
  57  02D9  3D85        	sz acc.3
  57  02DA  2800     R  	jmp _L254
  57  02DB  1480     R  	inc _main_2[0]
  57  02DC  3D0A        	sz z
  57  02DD  1480     R  	inc _main_2[1]
  57  02DE  2800     R  	jmp _L102
  57  02DF              _L254:
  58  02DF              #line 58 "C:\Users\james\Google 雲端硬碟\自製版子\holtek\GitHub\HT_USB_Project\HT66FB550_USB_C\main.c"
  58  02DF  1F00     R  	clr _main_2[0]
  58  02E0  1F00     R  	clr _main_2[1]
"File: main.c        Assembler  Version HGASM0202      Page 17

  58  02E1              _L104:
  58  02E1  0F0F        	mov a,15
  58  02E2  0200     R  	sub a,_main_2[0]
  58  02E3  0F27        	mov a,39
  58  02E4  1200     R  	sbc a,_main_2[1]
  58  02E5  1185        	swap acc
  58  02E6  040A        	xor a,status
  58  02E7  3D85        	sz acc.3
  58  02E8  2800     R  	jmp _L255
  58  02E9  1480     R  	inc _main_2[0]
  58  02EA  3D0A        	sz z
  58  02EB  1480     R  	inc _main_2[1]
  58  02EC  2800     R  	jmp _L104
  58  02ED              _L255:
  58  02ED  1F00     R  	clr _main_2[0]
  58  02EE  1F00     R  	clr _main_2[1]
  58  02EF              _L106:
  58  02EF  0F0F        	mov a,15
  58  02F0  0200     R  	sub a,_main_2[0]
  58  02F1  0F27        	mov a,39
  58  02F2  1200     R  	sbc a,_main_2[1]
  58  02F3  1185        	swap acc
  58  02F4  040A        	xor a,status
  58  02F5  3D85        	sz acc.3
  58  02F6  2800     R  	jmp _L256
  58  02F7  1480     R  	inc _main_2[0]
  58  02F8  3D0A        	sz z
  58  02F9  1480     R  	inc _main_2[1]
  58  02FA  2800     R  	jmp _L106
  58  02FB              _L256:
  59  02FB              #line 59 "C:\Users\james\Google 雲端硬碟\自製版子\holtek\GitHub\HT_USB_Project\HT66FB550_USB_C\main.c"
  59  02FB  1F00     R  	clr _main_2[0]
  59  02FC  1F00     R  	clr _main_2[1]
  59  02FD              _L108:
  59  02FD  0F0F        	mov a,15
  59  02FE  0200     R  	sub a,_main_2[0]
  59  02FF  0F27        	mov a,39
  59  0300  1200     R  	sbc a,_main_2[1]
  59  0301  1185        	swap acc
  59  0302  040A        	xor a,status
  59  0303  3D85        	sz acc.3
  59  0304  2800     R  	jmp _L257
  59  0305  1480     R  	inc _main_2[0]
  59  0306  3D0A        	sz z
  59  0307  1480     R  	inc _main_2[1]
  59  0308  2800     R  	jmp _L108
  59  0309              _L257:
  59  0309  1F00     R  	clr _main_2[0]
  59  030A  1F00     R  	clr _main_2[1]
  59  030B              _L110:
  59  030B  0F0F        	mov a,15
  59  030C  0200     R  	sub a,_main_2[0]
  59  030D  0F27        	mov a,39
  59  030E  1200     R  	sbc a,_main_2[1]
  59  030F  1185        	swap acc
  59  0310  040A        	xor a,status
  59  0311  3D85        	sz acc.3
  59  0312  2800     R  	jmp _L258
  59  0313  1480     R  	inc _main_2[0]
  59  0314  3D0A        	sz z
"File: main.c        Assembler  Version HGASM0202      Page 18

  59  0315  1480     R  	inc _main_2[1]
  59  0316  2800     R  	jmp _L110
  59  0317              _L258:
  59  0317  1F00     R  	clr _main_2[0]
  59  0318  1F00     R  	clr _main_2[1]
  59  0319              _L112:
  59  0319  0F0F        	mov a,15
  59  031A  0200     R  	sub a,_main_2[0]
  59  031B  0F27        	mov a,39
  59  031C  1200     R  	sbc a,_main_2[1]
  59  031D  1185        	swap acc
  59  031E  040A        	xor a,status
  59  031F  3D85        	sz acc.3
  59  0320  2800     R  	jmp _L259
  59  0321  1480     R  	inc _main_2[0]
  59  0322  3D0A        	sz z
  59  0323  1480     R  	inc _main_2[1]
  59  0324  2800     R  	jmp _L112
  59  0325              _L259:
  60  0325              #line 60 "C:\Users\james\Google 雲端硬碟\自製版子\holtek\GitHub\HT_USB_Project\HT66FB550_USB_C\main.c"
  60  0325  1F00     R  	clr _main_2[0]
  60  0326  1F00     R  	clr _main_2[1]
  60  0327              _L114:
  60  0327  0F0F        	mov a,15
  60  0328  0200     R  	sub a,_main_2[0]
  60  0329  0F27        	mov a,39
  60  032A  1200     R  	sbc a,_main_2[1]
  60  032B  1185        	swap acc
  60  032C  040A        	xor a,status
  60  032D  3D85        	sz acc.3
  60  032E  2800     R  	jmp _L260
  60  032F  1480     R  	inc _main_2[0]
  60  0330  3D0A        	sz z
  60  0331  1480     R  	inc _main_2[1]
  60  0332  2800     R  	jmp _L114
  60  0333              _L260:
  61  0333              #line 61 "C:\Users\james\Google 雲端硬碟\自製版子\holtek\GitHub\HT_USB_Project\HT66FB550_USB_C\main.c"
  61  0333  1F00     R  	clr _main_2[0]
  61  0334  1F00     R  	clr _main_2[1]
  61  0335              _L116:
  61  0335  0F0F        	mov a,15
  61  0336  0200     R  	sub a,_main_2[0]
  61  0337  0F27        	mov a,39
  61  0338  1200     R  	sbc a,_main_2[1]
  61  0339  1185        	swap acc
  61  033A  040A        	xor a,status
  61  033B  3D85        	sz acc.3
  61  033C  2800     R  	jmp _L261
  61  033D  1480     R  	inc _main_2[0]
  61  033E  3D0A        	sz z
  61  033F  1480     R  	inc _main_2[1]
  61  0340  2800     R  	jmp _L116
  61  0341              _L261:
  62  0341              #line 62 "C:\Users\james\Google 雲端硬碟\自製版子\holtek\GitHub\HT_USB_Project\HT66FB550_USB_C\main.c"
  62  0341  1F00     R  	clr _main_2[0]
  62  0342  1F00     R  	clr _main_2[1]
  62  0343              _L118:
  62  0343  0F0F        	mov a,15
  62  0344  0200     R  	sub a,_main_2[0]
  62  0345  0F27        	mov a,39
"File: main.c        Assembler  Version HGASM0202      Page 19

  62  0346  1200     R  	sbc a,_main_2[1]
  62  0347  1185        	swap acc
  62  0348  040A        	xor a,status
  62  0349  3D85        	sz acc.3
  62  034A  2800     R  	jmp _L262
  62  034B  1480     R  	inc _main_2[0]
  62  034C  3D0A        	sz z
  62  034D  1480     R  	inc _main_2[1]
  62  034E  2800     R  	jmp _L118
  62  034F              _L262:
  62  034F  1F00     R  	clr _main_2[0]
  62  0350  1F00     R  	clr _main_2[1]
  62  0351              _L120:
  62  0351  0F0F        	mov a,15
  62  0352  0200     R  	sub a,_main_2[0]
  62  0353  0F27        	mov a,39
  62  0354  1200     R  	sbc a,_main_2[1]
  62  0355  1185        	swap acc
  62  0356  040A        	xor a,status
  62  0357  3D85        	sz acc.3
  62  0358  2800     R  	jmp _L263
  62  0359  1480     R  	inc _main_2[0]
  62  035A  3D0A        	sz z
  62  035B  1480     R  	inc _main_2[1]
  62  035C  2800     R  	jmp _L120
  62  035D              _L263:
  63  035D              #line 63 "C:\Users\james\Google 雲端硬碟\自製版子\holtek\GitHub\HT_USB_Project\HT66FB550_USB_C\main.c"
  63  035D  1F00     R  	clr _main_2[0]
  63  035E  1F00     R  	clr _main_2[1]
  63  035F              _L122:
  63  035F  0F0F        	mov a,15
  63  0360  0200     R  	sub a,_main_2[0]
  63  0361  0F27        	mov a,39
  63  0362  1200     R  	sbc a,_main_2[1]
  63  0363  1185        	swap acc
  63  0364  040A        	xor a,status
  63  0365  3D85        	sz acc.3
  63  0366  2800     R  	jmp _L264
  63  0367  1480     R  	inc _main_2[0]
  63  0368  3D0A        	sz z
  63  0369  1480     R  	inc _main_2[1]
  63  036A  2800     R  	jmp _L122
  63  036B              _L264:
  63  036B  1F00     R  	clr _main_2[0]
  63  036C  1F00     R  	clr _main_2[1]
  63  036D              _L124:
  63  036D  0F0F        	mov a,15
  63  036E  0200     R  	sub a,_main_2[0]
  63  036F  0F27        	mov a,39
  63  0370  1200     R  	sbc a,_main_2[1]
  63  0371  1185        	swap acc
  63  0372  040A        	xor a,status
  63  0373  3D85        	sz acc.3
  63  0374  2800     R  	jmp _L265
  63  0375  1480     R  	inc _main_2[0]
  63  0376  3D0A        	sz z
  63  0377  1480     R  	inc _main_2[1]
  63  0378  2800     R  	jmp _L124
  63  0379              _L265:
  64  0379              #line 64 "C:\Users\james\Google 雲端硬碟\自製版子\holtek\GitHub\HT_USB_Project\HT66FB550_USB_C\main.c"
"File: main.c        Assembler  Version HGASM0202      Page 20

  64  0379  1F00     R  	clr _main_2[0]
  64  037A  1F00     R  	clr _main_2[1]
  64  037B              _L126:
  64  037B  0F0F        	mov a,15
  64  037C  0200     R  	sub a,_main_2[0]
  64  037D  0F27        	mov a,39
  64  037E  1200     R  	sbc a,_main_2[1]
  64  037F  1185        	swap acc
  64  0380  040A        	xor a,status
  64  0381  3D85        	sz acc.3
  64  0382  2800     R  	jmp _L266
  64  0383  1480     R  	inc _main_2[0]
  64  0384  3D0A        	sz z
  64  0385  1480     R  	inc _main_2[1]
  64  0386  2800     R  	jmp _L126
  64  0387              _L266:
  64  0387  1F00     R  	clr _main_2[0]
  64  0388  1F00     R  	clr _main_2[1]
  64  0389              _L128:
  64  0389  0F0F        	mov a,15
  64  038A  0200     R  	sub a,_main_2[0]
  64  038B  0F27        	mov a,39
  64  038C  1200     R  	sbc a,_main_2[1]
  64  038D  1185        	swap acc
  64  038E  040A        	xor a,status
  64  038F  3D85        	sz acc.3
  64  0390  2800     R  	jmp _L267
  64  0391  1480     R  	inc _main_2[0]
  64  0392  3D0A        	sz z
  64  0393  1480     R  	inc _main_2[1]
  64  0394  2800     R  	jmp _L128
  64  0395              _L267:
  64  0395  1F00     R  	clr _main_2[0]
  64  0396  1F00     R  	clr _main_2[1]
  64  0397              _L130:
  64  0397  0F0F        	mov a,15
  64  0398  0200     R  	sub a,_main_2[0]
  64  0399  0F27        	mov a,39
  64  039A  1200     R  	sbc a,_main_2[1]
  64  039B  1185        	swap acc
  64  039C  040A        	xor a,status
  64  039D  3D85        	sz acc.3
  64  039E  2800     R  	jmp _L268
  64  039F  1480     R  	inc _main_2[0]
  64  03A0  3D0A        	sz z
  64  03A1  1480     R  	inc _main_2[1]
  64  03A2  2800     R  	jmp _L130
  64  03A3              _L268:
  65  03A3              #line 65 "C:\Users\james\Google 雲端硬碟\自製版子\holtek\GitHub\HT_USB_Project\HT66FB550_USB_C\main.c"
  65  03A3  1F00     R  	clr _main_2[0]
  65  03A4  1F00     R  	clr _main_2[1]
  65  03A5              _L132:
  65  03A5  0F0F        	mov a,15
  65  03A6  0200     R  	sub a,_main_2[0]
  65  03A7  0F27        	mov a,39
  65  03A8  1200     R  	sbc a,_main_2[1]
  65  03A9  1185        	swap acc
  65  03AA  040A        	xor a,status
  65  03AB  3D85        	sz acc.3
  65  03AC  2800     R  	jmp _L269
"File: main.c        Assembler  Version HGASM0202      Page 21

  65  03AD  1480     R  	inc _main_2[0]
  65  03AE  3D0A        	sz z
  65  03AF  1480     R  	inc _main_2[1]
  65  03B0  2800     R  	jmp _L132
  65  03B1              _L269:
  66  03B1              #line 66 "C:\Users\james\Google 雲端硬碟\自製版子\holtek\GitHub\HT_USB_Project\HT66FB550_USB_C\main.c"
  66  03B1  1F00     R  	clr _main_2[0]
  66  03B2  1F00     R  	clr _main_2[1]
  66  03B3              _L134:
  66  03B3  0F0F        	mov a,15
  66  03B4  0200     R  	sub a,_main_2[0]
  66  03B5  0F27        	mov a,39
  66  03B6  1200     R  	sbc a,_main_2[1]
  66  03B7  1185        	swap acc
  66  03B8  040A        	xor a,status
  66  03B9  3D85        	sz acc.3
  66  03BA  2800     R  	jmp _L270
  66  03BB  1480     R  	inc _main_2[0]
  66  03BC  3D0A        	sz z
  66  03BD  1480     R  	inc _main_2[1]
  66  03BE  2800     R  	jmp _L134
  66  03BF              _L270:
  67  03BF              #line 67 "C:\Users\james\Google 雲端硬碟\自製版子\holtek\GitHub\HT_USB_Project\HT66FB550_USB_C\main.c"
  67  03BF  1F00     R  	clr _main_2[0]
  67  03C0  1F00     R  	clr _main_2[1]
  67  03C1              _L136:
  67  03C1  0F0F        	mov a,15
  67  03C2  0200     R  	sub a,_main_2[0]
  67  03C3  0F27        	mov a,39
  67  03C4  1200     R  	sbc a,_main_2[1]
  67  03C5  1185        	swap acc
  67  03C6  040A        	xor a,status
  67  03C7  3D85        	sz acc.3
  67  03C8  2800     R  	jmp _L271
  67  03C9  1480     R  	inc _main_2[0]
  67  03CA  3D0A        	sz z
  67  03CB  1480     R  	inc _main_2[1]
  67  03CC  2800     R  	jmp _L136
  67  03CD              _L271:
  67  03CD  1F00     R  	clr _main_2[0]
  67  03CE  1F00     R  	clr _main_2[1]
  67  03CF              _L138:
  67  03CF  0F0F        	mov a,15
  67  03D0  0200     R  	sub a,_main_2[0]
  67  03D1  0F27        	mov a,39
  67  03D2  1200     R  	sbc a,_main_2[1]
  67  03D3  1185        	swap acc
  67  03D4  040A        	xor a,status
  67  03D5  3D85        	sz acc.3
  67  03D6  2800     R  	jmp _L272
  67  03D7  1480     R  	inc _main_2[0]
  67  03D8  3D0A        	sz z
  67  03D9  1480     R  	inc _main_2[1]
  67  03DA  2800     R  	jmp _L138
  67  03DB              _L272:
  68  03DB              #line 68 "C:\Users\james\Google 雲端硬碟\自製版子\holtek\GitHub\HT_USB_Project\HT66FB550_USB_C\main.c"
  68  03DB  1F00     R  	clr _main_2[0]
  68  03DC  1F00     R  	clr _main_2[1]
  68  03DD              _L140:
  68  03DD  0F0F        	mov a,15
"File: main.c        Assembler  Version HGASM0202      Page 22

  68  03DE  0200     R  	sub a,_main_2[0]
  68  03DF  0F27        	mov a,39
  68  03E0  1200     R  	sbc a,_main_2[1]
  68  03E1  1185        	swap acc
  68  03E2  040A        	xor a,status
  68  03E3  3D85        	sz acc.3
  68  03E4  2800     R  	jmp _L273
  68  03E5  1480     R  	inc _main_2[0]
  68  03E6  3D0A        	sz z
  68  03E7  1480     R  	inc _main_2[1]
  68  03E8  2800     R  	jmp _L140
  68  03E9              _L273:
  68  03E9  1F00     R  	clr _main_2[0]
  68  03EA  1F00     R  	clr _main_2[1]
  68  03EB              _L142:
  68  03EB  0F0F        	mov a,15
  68  03EC  0200     R  	sub a,_main_2[0]
  68  03ED  0F27        	mov a,39
  68  03EE  1200     R  	sbc a,_main_2[1]
  68  03EF  1185        	swap acc
  68  03F0  040A        	xor a,status
  68  03F1  3D85        	sz acc.3
  68  03F2  2800     R  	jmp _L274
  68  03F3  1480     R  	inc _main_2[0]
  68  03F4  3D0A        	sz z
  68  03F5  1480     R  	inc _main_2[1]
  68  03F6  2800     R  	jmp _L142
  68  03F7              _L274:
  69  03F7              #line 69 "C:\Users\james\Google 雲端硬碟\自製版子\holtek\GitHub\HT_USB_Project\HT66FB550_USB_C\main.c"
  69  03F7  1F00     R  	clr _main_2[0]
  69  03F8  1F00     R  	clr _main_2[1]
  69  03F9              _L144:
  69  03F9  0F0F        	mov a,15
  69  03FA  0200     R  	sub a,_main_2[0]
  69  03FB  0F27        	mov a,39
  69  03FC  1200     R  	sbc a,_main_2[1]
  69  03FD  1185        	swap acc
  69  03FE  040A        	xor a,status
  69  03FF  3D85        	sz acc.3
  69  0400  2800     R  	jmp _L275
  69  0401  1480     R  	inc _main_2[0]
  69  0402  3D0A        	sz z
  69  0403  1480     R  	inc _main_2[1]
  69  0404  2800     R  	jmp _L144
  69  0405              _L275:
  69  0405  1F00     R  	clr _main_2[0]
  69  0406  1F00     R  	clr _main_2[1]
  69  0407              _L146:
  69  0407  0F0F        	mov a,15
  69  0408  0200     R  	sub a,_main_2[0]
  69  0409  0F27        	mov a,39
  69  040A  1200     R  	sbc a,_main_2[1]
  69  040B  1185        	swap acc
  69  040C  040A        	xor a,status
  69  040D  3D85        	sz acc.3
  69  040E  2800     R  	jmp _L276
  69  040F  1480     R  	inc _main_2[0]
  69  0410  3D0A        	sz z
  69  0411  1480     R  	inc _main_2[1]
  69  0412  2800     R  	jmp _L146
"File: main.c        Assembler  Version HGASM0202      Page 23

  69  0413              _L276:
  69  0413  1F00     R  	clr _main_2[0]
  69  0414  1F00     R  	clr _main_2[1]
  69  0415              _L148:
  69  0415  0F0F        	mov a,15
  69  0416  0200     R  	sub a,_main_2[0]
  69  0417  0F27        	mov a,39
  69  0418  1200     R  	sbc a,_main_2[1]
  69  0419  1185        	swap acc
  69  041A  040A        	xor a,status
  69  041B  3D85        	sz acc.3
  69  041C  2800     R  	jmp _L277
  69  041D  1480     R  	inc _main_2[0]
  69  041E  3D0A        	sz z
  69  041F  1480     R  	inc _main_2[1]
  69  0420  2800     R  	jmp _L148
  69  0421              _L277:
  70  0421              #line 70 "C:\Users\james\Google 雲端硬碟\自製版子\holtek\GitHub\HT_USB_Project\HT66FB550_USB_C\main.c"
  70  0421  1F00     R  	clr _main_2[0]
  70  0422  1F00     R  	clr _main_2[1]
  70  0423              _L150:
  70  0423  0F0F        	mov a,15
  70  0424  0200     R  	sub a,_main_2[0]
  70  0425  0F27        	mov a,39
  70  0426  1200     R  	sbc a,_main_2[1]
  70  0427  1185        	swap acc
  70  0428  040A        	xor a,status
  70  0429  3D85        	sz acc.3
  70  042A  2800     R  	jmp _L278
  70  042B  1480     R  	inc _main_2[0]
  70  042C  3D0A        	sz z
  70  042D  1480     R  	inc _main_2[1]
  70  042E  2800     R  	jmp _L150
  70  042F              _L278:
  71  042F              #line 71 "C:\Users\james\Google 雲端硬碟\自製版子\holtek\GitHub\HT_USB_Project\HT66FB550_USB_C\main.c"
  71  042F  1F00     R  	clr _main_2[0]
  71  0430  1F00     R  	clr _main_2[1]
  71  0431              _L152:
  71  0431  0F0F        	mov a,15
  71  0432  0200     R  	sub a,_main_2[0]
  71  0433  0F27        	mov a,39
  71  0434  1200     R  	sbc a,_main_2[1]
  71  0435  1185        	swap acc
  71  0436  040A        	xor a,status
  71  0437  3D85        	sz acc.3
  71  0438  2800     R  	jmp _L279
  71  0439  1480     R  	inc _main_2[0]
  71  043A  3D0A        	sz z
  71  043B  1480     R  	inc _main_2[1]
  71  043C  2800     R  	jmp _L152
  71  043D              _L279:
  72  043D              #line 72 "C:\Users\james\Google 雲端硬碟\自製版子\holtek\GitHub\HT_USB_Project\HT66FB550_USB_C\main.c"
  72  043D  1F00     R  	clr _main_2[0]
  72  043E  1F00     R  	clr _main_2[1]
  72  043F              _L154:
  72  043F  0F0F        	mov a,15
  72  0440  0200     R  	sub a,_main_2[0]
  72  0441  0F27        	mov a,39
  72  0442  1200     R  	sbc a,_main_2[1]
  72  0443  1185        	swap acc
"File: main.c        Assembler  Version HGASM0202      Page 24

  72  0444  040A        	xor a,status
  72  0445  3D85        	sz acc.3
  72  0446  2800     R  	jmp _L280
  72  0447  1480     R  	inc _main_2[0]
  72  0448  3D0A        	sz z
  72  0449  1480     R  	inc _main_2[1]
  72  044A  2800     R  	jmp _L154
  72  044B              _L280:
  72  044B  1F00     R  	clr _main_2[0]
  72  044C  1F00     R  	clr _main_2[1]
  72  044D              _L156:
  72  044D  0F0F        	mov a,15
  72  044E  0200     R  	sub a,_main_2[0]
  72  044F  0F27        	mov a,39
  72  0450  1200     R  	sbc a,_main_2[1]
  72  0451  1185        	swap acc
  72  0452  040A        	xor a,status
  72  0453  3D85        	sz acc.3
  72  0454  2800     R  	jmp _L281
  72  0455  1480     R  	inc _main_2[0]
  72  0456  3D0A        	sz z
  72  0457  1480     R  	inc _main_2[1]
  72  0458  2800     R  	jmp _L156
  72  0459              _L281:
  73  0459              #line 73 "C:\Users\james\Google 雲端硬碟\自製版子\holtek\GitHub\HT_USB_Project\HT66FB550_USB_C\main.c"
  73  0459  1F00     R  	clr _main_2[0]
  73  045A  1F00     R  	clr _main_2[1]
  73  045B              _L158:
  73  045B  0F0F        	mov a,15
  73  045C  0200     R  	sub a,_main_2[0]
  73  045D  0F27        	mov a,39
  73  045E  1200     R  	sbc a,_main_2[1]
  73  045F  1185        	swap acc
  73  0460  040A        	xor a,status
  73  0461  3D85        	sz acc.3
  73  0462  2800     R  	jmp _L282
  73  0463  1480     R  	inc _main_2[0]
  73  0464  3D0A        	sz z
  73  0465  1480     R  	inc _main_2[1]
  73  0466  2800     R  	jmp _L158
  73  0467              _L282:
  73  0467  1F00     R  	clr _main_2[0]
  73  0468  1F00     R  	clr _main_2[1]
  73  0469              _L160:
  73  0469  0F0F        	mov a,15
  73  046A  0200     R  	sub a,_main_2[0]
  73  046B  0F27        	mov a,39
  73  046C  1200     R  	sbc a,_main_2[1]
  73  046D  1185        	swap acc
  73  046E  040A        	xor a,status
  73  046F  3D85        	sz acc.3
  73  0470  2800     R  	jmp _L283
  73  0471  1480     R  	inc _main_2[0]
  73  0472  3D0A        	sz z
  73  0473  1480     R  	inc _main_2[1]
  73  0474  2800     R  	jmp _L160
  73  0475              _L283:
  74  0475              #line 74 "C:\Users\james\Google 雲端硬碟\自製版子\holtek\GitHub\HT_USB_Project\HT66FB550_USB_C\main.c"
  74  0475  1F00     R  	clr _main_2[0]
  74  0476  1F00     R  	clr _main_2[1]
"File: main.c        Assembler  Version HGASM0202      Page 25

  74  0477              _L162:
  74  0477  0F0F        	mov a,15
  74  0478  0200     R  	sub a,_main_2[0]
  74  0479  0F27        	mov a,39
  74  047A  1200     R  	sbc a,_main_2[1]
  74  047B  1185        	swap acc
  74  047C  040A        	xor a,status
  74  047D  3D85        	sz acc.3
  74  047E  2800     R  	jmp _L284
  74  047F  1480     R  	inc _main_2[0]
  74  0480  3D0A        	sz z
  74  0481  1480     R  	inc _main_2[1]
  74  0482  2800     R  	jmp _L162
  74  0483              _L284:
  74  0483  1F00     R  	clr _main_2[0]
  74  0484  1F00     R  	clr _main_2[1]
  74  0485              _L164:
  74  0485  0F0F        	mov a,15
  74  0486  0200     R  	sub a,_main_2[0]
  74  0487  0F27        	mov a,39
  74  0488  1200     R  	sbc a,_main_2[1]
  74  0489  1185        	swap acc
  74  048A  040A        	xor a,status
  74  048B  3D85        	sz acc.3
  74  048C  2800     R  	jmp _L285
  74  048D  1480     R  	inc _main_2[0]
  74  048E  3D0A        	sz z
  74  048F  1480     R  	inc _main_2[1]
  74  0490  2800     R  	jmp _L164
  74  0491              _L285:
  74  0491  1F00     R  	clr _main_2[0]
  74  0492  1F00     R  	clr _main_2[1]
  74  0493              _L166:
  74  0493  0F0F        	mov a,15
  74  0494  0200     R  	sub a,_main_2[0]
  74  0495  0F27        	mov a,39
  74  0496  1200     R  	sbc a,_main_2[1]
  74  0497  1185        	swap acc
  74  0498  040A        	xor a,status
  74  0499  3D85        	sz acc.3
  74  049A  2800     R  	jmp _L286
  74  049B  1480     R  	inc _main_2[0]
  74  049C  3D0A        	sz z
  74  049D  1480     R  	inc _main_2[1]
  74  049E  2800     R  	jmp _L166
  74  049F              _L286:
  75  049F              #line 75 "C:\Users\james\Google 雲端硬碟\自製版子\holtek\GitHub\HT_USB_Project\HT66FB550_USB_C\main.c"
  75  049F  1F00     R  	clr _main_2[0]
  75  04A0  1F00     R  	clr _main_2[1]
  75  04A1              _L168:
  75  04A1  0F0F        	mov a,15
  75  04A2  0200     R  	sub a,_main_2[0]
  75  04A3  0F27        	mov a,39
  75  04A4  1200     R  	sbc a,_main_2[1]
  75  04A5  1185        	swap acc
  75  04A6  040A        	xor a,status
  75  04A7  3D85        	sz acc.3
  75  04A8  2800     R  	jmp _L287
  75  04A9  1480     R  	inc _main_2[0]
  75  04AA  3D0A        	sz z
"File: main.c        Assembler  Version HGASM0202      Page 26

  75  04AB  1480     R  	inc _main_2[1]
  75  04AC  2800     R  	jmp _L168
  75  04AD              _L287:
  76  04AD              #line 76 "C:\Users\james\Google 雲端硬碟\自製版子\holtek\GitHub\HT_USB_Project\HT66FB550_USB_C\main.c"
  76  04AD  1F00     R  	clr _main_2[0]
  76  04AE  1F00     R  	clr _main_2[1]
  76  04AF              _L170:
  76  04AF  0F0F        	mov a,15
  76  04B0  0200     R  	sub a,_main_2[0]
  76  04B1  0F27        	mov a,39
  76  04B2  1200     R  	sbc a,_main_2[1]
  76  04B3  1185        	swap acc
  76  04B4  040A        	xor a,status
  76  04B5  3D85        	sz acc.3
  76  04B6  2800     R  	jmp _L288
  76  04B7  1480     R  	inc _main_2[0]
  76  04B8  3D0A        	sz z
  76  04B9  1480     R  	inc _main_2[1]
  76  04BA  2800     R  	jmp _L170
  76  04BB              _L288:
  77  04BB              #line 77 "C:\Users\james\Google 雲端硬碟\自製版子\holtek\GitHub\HT_USB_Project\HT66FB550_USB_C\main.c"
  77  04BB  1F00     R  	clr _main_2[0]
  77  04BC  1F00     R  	clr _main_2[1]
  77  04BD              _L172:
  77  04BD  0F0F        	mov a,15
  77  04BE  0200     R  	sub a,_main_2[0]
  77  04BF  0F27        	mov a,39
  77  04C0  1200     R  	sbc a,_main_2[1]
  77  04C1  1185        	swap acc
  77  04C2  040A        	xor a,status
  77  04C3  3D85        	sz acc.3
  77  04C4  2800     R  	jmp _L289
  77  04C5  1480     R  	inc _main_2[0]
  77  04C6  3D0A        	sz z
  77  04C7  1480     R  	inc _main_2[1]
  77  04C8  2800     R  	jmp _L172
  77  04C9              _L289:
  77  04C9  1F00     R  	clr _main_2[0]
  77  04CA  1F00     R  	clr _main_2[1]
  77  04CB              _L174:
  77  04CB  0F0F        	mov a,15
  77  04CC  0200     R  	sub a,_main_2[0]
  77  04CD  0F27        	mov a,39
  77  04CE  1200     R  	sbc a,_main_2[1]
  77  04CF  1185        	swap acc
  77  04D0  040A        	xor a,status
  77  04D1  3D85        	sz acc.3
  77  04D2  2800     R  	jmp _L290
  77  04D3  1480     R  	inc _main_2[0]
  77  04D4  3D0A        	sz z
  77  04D5  1480     R  	inc _main_2[1]
  77  04D6  2800     R  	jmp _L174
  77  04D7              _L290:
  78  04D7              #line 78 "C:\Users\james\Google 雲端硬碟\自製版子\holtek\GitHub\HT_USB_Project\HT66FB550_USB_C\main.c"
  78  04D7  1F00     R  	clr _main_2[0]
  78  04D8  1F00     R  	clr _main_2[1]
  78  04D9              _L176:
  78  04D9  0F0F        	mov a,15
  78  04DA  0200     R  	sub a,_main_2[0]
  78  04DB  0F27        	mov a,39
"File: main.c        Assembler  Version HGASM0202      Page 27

  78  04DC  1200     R  	sbc a,_main_2[1]
  78  04DD  1185        	swap acc
  78  04DE  040A        	xor a,status
  78  04DF  3D85        	sz acc.3
  78  04E0  2800     R  	jmp _L291
  78  04E1  1480     R  	inc _main_2[0]
  78  04E2  3D0A        	sz z
  78  04E3  1480     R  	inc _main_2[1]
  78  04E4  2800     R  	jmp _L176
  78  04E5              _L291:
  78  04E5  1F00     R  	clr _main_2[0]
  78  04E6  1F00     R  	clr _main_2[1]
  78  04E7              _L178:
  78  04E7  0F0F        	mov a,15
  78  04E8  0200     R  	sub a,_main_2[0]
  78  04E9  0F27        	mov a,39
  78  04EA  1200     R  	sbc a,_main_2[1]
  78  04EB  1185        	swap acc
  78  04EC  040A        	xor a,status
  78  04ED  3D85        	sz acc.3
  78  04EE  2800     R  	jmp _L292
  78  04EF  1480     R  	inc _main_2[0]
  78  04F0  3D0A        	sz z
  78  04F1  1480     R  	inc _main_2[1]
  78  04F2  2800     R  	jmp _L178
  78  04F3              _L292:
  79  04F3              #line 79 "C:\Users\james\Google 雲端硬碟\自製版子\holtek\GitHub\HT_USB_Project\HT66FB550_USB_C\main.c"
  79  04F3  1F00     R  	clr _main_2[0]
  79  04F4  1F00     R  	clr _main_2[1]
  79  04F5              _L180:
  79  04F5  0F0F        	mov a,15
  79  04F6  0200     R  	sub a,_main_2[0]
  79  04F7  0F27        	mov a,39
  79  04F8  1200     R  	sbc a,_main_2[1]
  79  04F9  1185        	swap acc
  79  04FA  040A        	xor a,status
  79  04FB  3D85        	sz acc.3
  79  04FC  2800     R  	jmp _L293
  79  04FD  1480     R  	inc _main_2[0]
  79  04FE  3D0A        	sz z
  79  04FF  1480     R  	inc _main_2[1]
  79  0500  2800     R  	jmp _L180
  79  0501              _L293:
  79  0501  1F00     R  	clr _main_2[0]
  79  0502  1F00     R  	clr _main_2[1]
  79  0503              _L182:
  79  0503  0F0F        	mov a,15
  79  0504  0200     R  	sub a,_main_2[0]
  79  0505  0F27        	mov a,39
  79  0506  1200     R  	sbc a,_main_2[1]
  79  0507  1185        	swap acc
  79  0508  040A        	xor a,status
  79  0509  3D85        	sz acc.3
  79  050A  2800     R  	jmp _L294
  79  050B  1480     R  	inc _main_2[0]
  79  050C  3D0A        	sz z
  79  050D  1480     R  	inc _main_2[1]
  79  050E  2800     R  	jmp _L182
  79  050F              _L294:
  79  050F  1F00     R  	clr _main_2[0]
"File: main.c        Assembler  Version HGASM0202      Page 28

  79  0510  1F00     R  	clr _main_2[1]
  79  0511              _L184:
  79  0511  0F0F        	mov a,15
  79  0512  0200     R  	sub a,_main_2[0]
  79  0513  0F27        	mov a,39
  79  0514  1200     R  	sbc a,_main_2[1]
  79  0515  1185        	swap acc
  79  0516  040A        	xor a,status
  79  0517  3D85        	sz acc.3
  79  0518  2800     R  	jmp _L295
  79  0519  1480     R  	inc _main_2[0]
  79  051A  3D0A        	sz z
  79  051B  1480     R  	inc _main_2[1]
  79  051C  2800     R  	jmp _L184
  79  051D              _L295:
  80  051D              #line 80 "C:\Users\james\Google 雲端硬碟\自製版子\holtek\GitHub\HT_USB_Project\HT66FB550_USB_C\main.c"
  80  051D  1F00     R  	clr _main_2[0]
  80  051E  1F00     R  	clr _main_2[1]
  80  051F              _L186:
  80  051F  0F0F        	mov a,15
  80  0520  0200     R  	sub a,_main_2[0]
  80  0521  0F27        	mov a,39
  80  0522  1200     R  	sbc a,_main_2[1]
  80  0523  1185        	swap acc
  80  0524  040A        	xor a,status
  80  0525  3D85        	sz acc.3
  80  0526  2800     R  	jmp _L296
  80  0527  1480     R  	inc _main_2[0]
  80  0528  3D0A        	sz z
  80  0529  1480     R  	inc _main_2[1]
  80  052A  2800     R  	jmp _L186
  80  052B              _L296:
  81  052B              #line 81 "C:\Users\james\Google 雲端硬碟\自製版子\holtek\GitHub\HT_USB_Project\HT66FB550_USB_C\main.c"
  81  052B  1F00     R  	clr _main_2[0]
  81  052C  1F00     R  	clr _main_2[1]
  81  052D              _L188:
  81  052D  0F0F        	mov a,15
  81  052E  0200     R  	sub a,_main_2[0]
  81  052F  0F27        	mov a,39
  81  0530  1200     R  	sbc a,_main_2[1]
  81  0531  1185        	swap acc
  81  0532  040A        	xor a,status
  81  0533  3D85        	sz acc.3
  81  0534  2800     R  	jmp _L297
  81  0535  1480     R  	inc _main_2[0]
  81  0536  3D0A        	sz z
  81  0537  1480     R  	inc _main_2[1]
  81  0538  2800     R  	jmp _L188
  81  0539              _L297:
  82  0539              #line 82 "C:\Users\james\Google 雲端硬碟\自製版子\holtek\GitHub\HT_USB_Project\HT66FB550_USB_C\main.c"
  82  0539  1F00     R  	clr _main_2[0]
  82  053A  1F00     R  	clr _main_2[1]
  82  053B              _L190:
  82  053B  0F0F        	mov a,15
  82  053C  0200     R  	sub a,_main_2[0]
  82  053D  0F27        	mov a,39
  82  053E  1200     R  	sbc a,_main_2[1]
  82  053F  1185        	swap acc
  82  0540  040A        	xor a,status
  82  0541  3D85        	sz acc.3
"File: main.c        Assembler  Version HGASM0202      Page 29

  82  0542  2800     R  	jmp _L298
  82  0543  1480     R  	inc _main_2[0]
  82  0544  3D0A        	sz z
  82  0545  1480     R  	inc _main_2[1]
  82  0546  2800     R  	jmp _L190
  82  0547              _L298:
  82  0547  1F00     R  	clr _main_2[0]
  82  0548  1F00     R  	clr _main_2[1]
  82  0549              _L192:
  82  0549  0F0F        	mov a,15
  82  054A  0200     R  	sub a,_main_2[0]
  82  054B  0F27        	mov a,39
  82  054C  1200     R  	sbc a,_main_2[1]
  82  054D  1185        	swap acc
  82  054E  040A        	xor a,status
  82  054F  3D85        	sz acc.3
  82  0550  2800     R  	jmp _L299
  82  0551  1480     R  	inc _main_2[0]
  82  0552  3D0A        	sz z
  82  0553  1480     R  	inc _main_2[1]
  82  0554  2800     R  	jmp _L192
  82  0555              _L299:
  83  0555              #line 83 "C:\Users\james\Google 雲端硬碟\自製版子\holtek\GitHub\HT_USB_Project\HT66FB550_USB_C\main.c"
  83  0555  1F00     R  	clr _main_2[0]
  83  0556  1F00     R  	clr _main_2[1]
  83  0557              _L194:
  83  0557  0F0F        	mov a,15
  83  0558  0200     R  	sub a,_main_2[0]
  83  0559  0F27        	mov a,39
  83  055A  1200     R  	sbc a,_main_2[1]
  83  055B  1185        	swap acc
  83  055C  040A        	xor a,status
  83  055D  3D85        	sz acc.3
  83  055E  2800     R  	jmp _L300
  83  055F  1480     R  	inc _main_2[0]
  83  0560  3D0A        	sz z
  83  0561  1480     R  	inc _main_2[1]
  83  0562  2800     R  	jmp _L194
  83  0563              _L300:
  83  0563  1F00     R  	clr _main_2[0]
  83  0564  1F00     R  	clr _main_2[1]
  83  0565              _L196:
  83  0565  0F0F        	mov a,15
  83  0566  0200     R  	sub a,_main_2[0]
  83  0567  0F27        	mov a,39
  83  0568  1200     R  	sbc a,_main_2[1]
  83  0569  1185        	swap acc
  83  056A  040A        	xor a,status
  83  056B  3D85        	sz acc.3
  83  056C  2800     R  	jmp _L301
  83  056D  1480     R  	inc _main_2[0]
  83  056E  3D0A        	sz z
  83  056F  1480     R  	inc _main_2[1]
  83  0570  2800     R  	jmp _L196
  83  0571              _L301:
  84  0571              #line 84 "C:\Users\james\Google 雲端硬碟\自製版子\holtek\GitHub\HT_USB_Project\HT66FB550_USB_C\main.c"
  84  0571  1F00     R  	clr _main_2[0]
  84  0572  1F00     R  	clr _main_2[1]
  84  0573              _L198:
  84  0573  0F0F        	mov a,15
"File: main.c        Assembler  Version HGASM0202      Page 30

  84  0574  0200     R  	sub a,_main_2[0]
  84  0575  0F27        	mov a,39
  84  0576  1200     R  	sbc a,_main_2[1]
  84  0577  1185        	swap acc
  84  0578  040A        	xor a,status
  84  0579  3D85        	sz acc.3
  84  057A  2800     R  	jmp _L302
  84  057B  1480     R  	inc _main_2[0]
  84  057C  3D0A        	sz z
  84  057D  1480     R  	inc _main_2[1]
  84  057E  2800     R  	jmp _L198
  84  057F              _L302:
  84  057F  1F00     R  	clr _main_2[0]
  84  0580  1F00     R  	clr _main_2[1]
  84  0581              _L200:
  84  0581  0F0F        	mov a,15
  84  0582  0200     R  	sub a,_main_2[0]
  84  0583  0F27        	mov a,39
  84  0584  1200     R  	sbc a,_main_2[1]
  84  0585  1185        	swap acc
  84  0586  040A        	xor a,status
  84  0587  3D85        	sz acc.3
  84  0588  2800     R  	jmp _L303
  85  0589              #line 85 "C:\Users\james\Google 雲端硬碟\自製版子\holtek\GitHub\HT_USB_Project\HT66FB550_USB_C\main.c"
  85  0589  0F41        	mov a,65
  85  058A  2000     E  	call _UART_Put_Char
  84  058B              #line 84 "C:\Users\james\Google 雲端硬碟\自製版子\holtek\GitHub\HT_USB_Project\HT66FB550_USB_C\main.c"
  84  058B  1480     R  	inc _main_2[0]
  84  058C  3D0A        	sz z
  84  058D  1480     R  	inc _main_2[1]
  84  058E  2800     R  	jmp _L200
  84  058F              _L303:
  86  058F              #line 86 "C:\Users\james\Google 雲端硬碟\自製版子\holtek\GitHub\HT_USB_Project\HT66FB550_USB_C\main.c"
  86  058F  0F41        	mov a,65
  86  0590  2000     E  	call _UART_Put_Char
  87  0591              #line 87 "C:\Users\james\Google 雲端硬碟\自製版子\holtek\GitHub\HT_USB_Project\HT66FB550_USB_C\main.c"
  87  0591  0F43        	mov a,67
  87  0592  2000     E  	call _UART_Put_Char
  88  0593              #line 88 "C:\Users\james\Google 雲端硬碟\自製版子\holtek\GitHub\HT_USB_Project\HT66FB550_USB_C\main.c"
  88  0593  0F43        	mov a,67
  88  0594  2000     E  	call _UART_Put_Char
  89  0595              #line 89 "C:\Users\james\Google 雲端硬碟\自製版子\holtek\GitHub\HT_USB_Project\HT66FB550_USB_C\main.c"
  89  0595  0F31        	mov a,49
  89  0596  2000     E  	call _UART_Put_Char
  90  0597              #line 90 "C:\Users\james\Google 雲端硬碟\自製版子\holtek\GitHub\HT_USB_Project\HT66FB550_USB_C\main.c"
  90  0597  0F31        	mov a,49
  90  0598  2000     E  	call _UART_Put_Char
  91  0599              #line 91 "C:\Users\james\Google 雲端硬碟\自製版子\holtek\GitHub\HT_USB_Project\HT66FB550_USB_C\main.c"
  91  0599  0F32        	mov a,50
  91  059A  2000     E  	call _UART_Put_Char
  92  059B              #line 92 "C:\Users\james\Google 雲端硬碟\自製版子\holtek\GitHub\HT_USB_Project\HT66FB550_USB_C\main.c"
  92  059B  0F0A        	mov a,10
  92  059C  2000     E  	call _UART_Put_Char
  93  059D              #line 93 "C:\Users\james\Google 雲端硬碟\自製版子\holtek\GitHub\HT_USB_Project\HT66FB550_USB_C\main.c"
  93  059D  2000     E  	call _UART_Start
  93  059E              _L202:
  93  059E  2800     R  	jmp _L202
  93  059F  2800     R  	jmp $
  93  05A0              _main endp
  93  05A0              
"File: main.c        Assembler  Version HGASM0202      Page 31

  93  05A0              @dummy endp
  93  05A0              
  93  05A0              #line 93 "C:\Users\james\Google 雲端硬碟\自製版子\holtek\GitHub\HT_USB_Project\HT66FB550_USB_C\main.c"
  93  05A0              #pragma debug scope 1 1
  93  05A0              ___pb equ [022h]
  93  05A0              #pragma debug struct_end
  93  05A0              #pragma debug struct_end
  93  05A0              #pragma debug union_end
  93  05A0              #pragma debug union_end
  93  05A0              #pragma debug variable 43 1 [022h] "__pb" 1
  93  05A0              IFDEF ISR_SYSTEM_STACK_BEFORE_2014_12_23
  93  05A0              ELSE
  93  05A0              ENDIF
   8  05A0              #line 8 "C:\Users\james\Google 雲端硬碟\自製版子\holtek\GitHub\HT_USB_Project\HT66FB550_USB_C\main.c"
   8  0000              @code .section at 0 'code'
   8  0000  2800     R  	jmp _main_startup1
   8  0001              
   8  0001              extern _HT66FB550_MCU_Init:near
   8  0001              extern _HT66FB550_IO_INIT:near
   8  0001              extern _UART_Init:near
   8  0001              extern _UART_Put_Char:near
   8  0001              extern _UART_Start:near
   8  0001              
   8  0001              ; 
   8  0001              ; Generated by holtek-gcc v3.12, Tue May 05 22:38:31 2015
   8  0001              ; Rebuild 113
   8  0001              ; end of file


        0 Errors, 0